#
# There is insufficient memory for the Java Runtime Environment to continue.
# Native memory allocation (malloc) failed to allocate 463696 bytes for Chunk::new
# Possible reasons:
#   The system is out of physical RAM or swap space
#   In 32 bit mode, the process size limit was hit
# Possible solutions:
#   Reduce memory load on the system
#   Increase physical memory or swap space
#   Check if swap backing store is full
#   Use 64 bit Java on a 64 bit OS
#   Decrease Java heap size (-Xmx/-Xms)
#   Decrease number of Java threads
#   Decrease Java thread stack sizes (-Xss)
#   Set larger code cache with -XX:ReservedCodeCacheSize=
# This output file may be truncated or incomplete.
#
#  Out of Memory Error (allocation.cpp:390), pid=9248, tid=0x0000000000002524
#
# JRE version: Java(TM) SE Runtime Environment (8.0_172-b11) (build 1.8.0_172-b11)
# Java VM: Java HotSpot(TM) 64-Bit Server VM (25.172-b11 mixed mode windows-amd64 compressed oops)
# Failed to write core dump. Minidumps are not enabled by default on client versions of Windows
#

---------------  T H R E A D  ---------------

Current thread (0x000000001644d800):  JavaThread "C2 CompilerThread1" daemon [_thread_in_native, id=9508, stack(0x0000000017b90000,0x0000000017c90000)]

Stack: [0x0000000017b90000,0x0000000017c90000]
[error occurred during error reporting (printing stack bounds), id 0xc0000005]

Native frames: (J=compiled Java code, j=interpreted, Vv=VM code, C=native code)


Current CompileTask:
C2:   4338 1607       4       java.lang.Class::privateGetMethodRecursive (130 bytes)


---------------  P R O C E S S  ---------------

Java Threads: ( => current thread )
  0x00000000222c5000 JavaThread "Abandoned connection cleanup thread" daemon [_thread_blocked, id=7844, stack(0x0000000024b30000,0x0000000024c30000)]
  0x0000000018b4d000 JavaThread "Prism Font Disposer" daemon [_thread_blocked, id=1552, stack(0x0000000024030000,0x0000000024130000)]
  0x000000001866f800 JavaThread "Thread-3" daemon [_thread_in_native, id=2752, stack(0x0000000020810000,0x0000000020910000)]
  0x0000000018682000 JavaThread "JavaFX-Launcher" [_thread_blocked, id=7568, stack(0x0000000020910000,0x0000000020a10000)]
  0x00000000185e8800 JavaThread "JavaFX Application Thread" [_thread_in_Java, id=6376, stack(0x0000000019a40000,0x0000000019b40000)]
  0x0000000018633000 JavaThread "Thread-1" daemon [_thread_blocked, id=5032, stack(0x0000000019940000,0x0000000019a40000)]
  0x000000001816a800 JavaThread "QuantumRenderer-0" daemon [_thread_blocked, id=6336, stack(0x0000000018de0000,0x0000000018ee0000)]
  0x00000000164ad800 JavaThread "Service Thread" daemon [_thread_blocked, id=5080, stack(0x0000000018190000,0x0000000018290000)]
  0x000000001645a000 JavaThread "C1 CompilerThread2" daemon [_thread_in_vm, id=1784, stack(0x0000000017c90000,0x0000000017d90000)]
=>0x000000001644d800 JavaThread "C2 CompilerThread1" daemon [_thread_in_native, id=9508, stack(0x0000000017b90000,0x0000000017c90000)]
  0x0000000016459800 JavaThread "C2 CompilerThread0" daemon [_thread_in_native, id=4800, stack(0x0000000017a90000,0x0000000017b90000)]
  0x0000000016457800 JavaThread "Attach Listener" daemon [_thread_blocked, id=3932, stack(0x0000000017990000,0x0000000017a90000)]
  0x0000000016456000 JavaThread "Signal Dispatcher" daemon [_thread_blocked, id=4500, stack(0x0000000017890000,0x0000000017990000)]
  0x0000000002c2c000 JavaThread "Finalizer" daemon [_thread_blocked, id=6300, stack(0x00000000176a0000,0x00000000177a0000)]
  0x0000000002c20000 JavaThread "Reference Handler" daemon [_thread_blocked, id=9500, stack(0x00000000175a0000,0x00000000176a0000)]
  0x000000000296e800 JavaThread "main" [_thread_blocked, id=5260, stack(0x00000000029b0000,0x0000000002ab0000)]

Other Threads:
  0x0000000016418000 VMThread [stack: 0x00000000174a0000,0x00000000175a0000] [id=4564]
  0x0000000017dc1000 WatcherThread [stack: 0x0000000018290000,0x0000000018390000] [id=5188]

VM state:not at safepoint (normal execution)

VM Mutex/Monitor currently owned by a thread: None

Heap:
 PSYoungGen      total 28160K, used 10680K [0x00000000e0c00000, 0x00000000e2b00000, 0x0000000100000000)
  eden space 24576K, 28% used [0x00000000e0c00000,0x00000000e12f2370,0x00000000e2400000)
  from space 3584K, 99% used [0x00000000e2780000,0x00000000e2afbf80,0x00000000e2b00000)
  to   space 3584K, 0% used [0x00000000e2400000,0x00000000e2400000,0x00000000e2780000)
 ParOldGen       total 64512K, used 7740K [0x00000000a2400000, 0x00000000a6300000, 0x00000000e0c00000)
  object space 64512K, 11% used [0x00000000a2400000,0x00000000a2b8f108,0x00000000a6300000)
 Metaspace       used 20198K, capacity 21028K, committed 21296K, reserved 1067008K
  class space    used 2897K, capacity 3092K, committed 3200K, reserved 1048576K

Card table byte_map: [0x0000000011ff0000,0x00000000122e0000] byte_map_base: 0x0000000011ade000

Marking Bits: (ParMarkBitMap*) 0x00000000544e3c10
 Begin Bits: [0x00000000128e0000, 0x0000000014050000)
 End Bits:   [0x0000000014050000, 0x00000000157c0000)

Polling page: 0x0000000001190000

CodeCache: size=245760Kb used=5922Kb max_used=5922Kb free=239837Kb
 bounds [0x0000000002c30000, 0x0000000003200000, 0x0000000011c30000]
 total_blobs=2407 nmethods=1696 adapters=624
 compilation: enabled

Compilation events (10 events):
Event: 4.326 Thread 0x000000001645a000 nmethod 1697 0x00000000031f30d0 code [0x00000000031f3220, 0x00000000031f3370]
Event: 4.326 Thread 0x000000001645a000 1698       3       sun.reflect.ClassFileAssembler::incStack (11 bytes)
Event: 4.327 Thread 0x000000001645a000 nmethod 1698 0x00000000031f33d0 code [0x00000000031f3540, 0x00000000031f3750]
Event: 4.328 Thread 0x000000001645a000 1699       3       java.util.HashMap::putMapEntries (154 bytes)
Event: 4.329 Thread 0x000000001645a000 nmethod 1699 0x00000000031f3810 code [0x00000000031f3a80, 0x00000000031f47e8]
Event: 4.329 Thread 0x000000001645a000 1701       3       sun.reflect.generics.parser.SignatureParser::parsePackageNameAndSimpleClassTypeSignature (139 bytes)
Event: 4.332 Thread 0x000000001645a000 nmethod 1701 0x00000000031f4c10 code [0x00000000031f4f60, 0x00000000031f6928]
Event: 4.332 Thread 0x000000001645a000 1702       3       java.util.HashMap$KeySet::iterator (12 bytes)
Event: 4.332 Thread 0x000000001645a000 nmethod 1702 0x00000000031f7750 code [0x00000000031f78c0, 0x00000000031f7b28]
Event: 4.333 Thread 0x000000001645a000 1703       3       java.util.HashMap$KeyIterator::<init> (11 bytes)

GC Heap History (4 events):
Event: 1.934 GC heap before
{Heap before GC invocations=1 (full 0):
 PSYoungGen      total 28160K, used 24576K [0x00000000e0c00000, 0x00000000e2b00000, 0x0000000100000000)
  eden space 24576K, 100% used [0x00000000e0c00000,0x00000000e2400000,0x00000000e2400000)
  from space 3584K, 0% used [0x00000000e2780000,0x00000000e2780000,0x00000000e2b00000)
  to   space 3584K, 0% used [0x00000000e2400000,0x00000000e2400000,0x00000000e2780000)
 ParOldGen       total 64512K, used 0K [0x00000000a2400000, 0x00000000a6300000, 0x00000000e0c00000)
  object space 64512K, 0% used [0x00000000a2400000,0x00000000a2400000,0x00000000a6300000)
 Metaspace       used 12028K, capacity 12422K, committed 12544K, reserved 1060864K
  class space    used 1612K, capacity 1735K, committed 1792K, reserved 1048576K
Event: 1.945 GC heap after
Heap after GC invocations=1 (full 0):
 PSYoungGen      total 28160K, used 3568K [0x00000000e0c00000, 0x00000000e2b00000, 0x0000000100000000)
  eden space 24576K, 0% used [0x00000000e0c00000,0x00000000e0c00000,0x00000000e2400000)
  from space 3584K, 99% used [0x00000000e2400000,0x00000000e277c030,0x00000000e2780000)
  to   space 3584K, 0% used [0x00000000e2780000,0x00000000e2780000,0x00000000e2b00000)
 ParOldGen       total 64512K, used 253K [0x00000000a2400000, 0x00000000a6300000, 0x00000000e0c00000)
  object space 64512K, 0% used [0x00000000a2400000,0x00000000a243f530,0x00000000a6300000)
 Metaspace       used 12028K, capacity 12422K, committed 12544K, reserved 1060864K
  class space    used 1612K, capacity 1735K, committed 1792K, reserved 1048576K
}
Event: 4.065 GC heap before
{Heap before GC invocations=2 (full 0):
 PSYoungGen      total 28160K, used 28144K [0x00000000e0c00000, 0x00000000e2b00000, 0x0000000100000000)
  eden space 24576K, 100% used [0x00000000e0c00000,0x00000000e2400000,0x00000000e2400000)
  from space 3584K, 99% used [0x00000000e2400000,0x00000000e277c030,0x00000000e2780000)
  to   space 3584K, 0% used [0x00000000e2780000,0x00000000e2780000,0x00000000e2b00000)
 ParOldGen       total 64512K, used 253K [0x00000000a2400000, 0x00000000a6300000, 0x00000000e0c00000)
  object space 64512K, 0% used [0x00000000a2400000,0x00000000a243f530,0x00000000a6300000)
 Metaspace       used 19735K, capacity 20440K, committed 20736K, reserved 1067008K
  class space    used 2810K, capacity 3004K, committed 3072K, reserved 1048576K
Event: 4.086 GC heap after
Heap after GC invocations=2 (full 0):
 PSYoungGen      total 28160K, used 3567K [0x00000000e0c00000, 0x00000000e2b00000, 0x0000000100000000)
  eden space 24576K, 0% used [0x00000000e0c00000,0x00000000e0c00000,0x00000000e2400000)
  from space 3584K, 99% used [0x00000000e2780000,0x00000000e2afbf80,0x00000000e2b00000)
  to   space 3584K, 0% used [0x00000000e2400000,0x00000000e2400000,0x00000000e2780000)
 ParOldGen       total 64512K, used 7740K [0x00000000a2400000, 0x00000000a6300000, 0x00000000e0c00000)
  object space 64512K, 11% used [0x00000000a2400000,0x00000000a2b8f108,0x00000000a6300000)
 Metaspace       used 19735K, capacity 20440K, committed 20736K, reserved 1067008K
  class space    used 2810K, capacity 3004K, committed 3072K, reserved 1048576K
}

Deoptimization events (10 events):
Event: 3.972 Thread 0x00000000185e8800 Uncommon trap: reason=unstable_if action=reinterpret pc=0x0000000002f1ab28 method=java.lang.ref.SoftReference.get()Ljava/lang/Object; @ 17
Event: 3.972 Thread 0x00000000185e8800 Uncommon trap: reason=unstable_if action=reinterpret pc=0x0000000002f2c69c method=java.lang.ref.SoftReference.get()Ljava/lang/Object; @ 17
Event: 3.987 Thread 0x00000000185e8800 Uncommon trap: reason=unstable_if action=reinterpret pc=0x0000000002f2b774 method=java.lang.ref.SoftReference.get()Ljava/lang/Object; @ 17
Event: 3.998 Thread 0x00000000185e8800 Uncommon trap: reason=unstable_if action=reinterpret pc=0x0000000002f6e8b0 method=java.lang.ref.SoftReference.get()Ljava/lang/Object; @ 17
Event: 3.998 Thread 0x00000000185e8800 Uncommon trap: reason=unstable_if action=reinterpret pc=0x0000000002f9ac6c method=java.lang.ref.SoftReference.get()Ljava/lang/Object; @ 17
Event: 4.256 Thread 0x00000000185e8800 Uncommon trap: reason=class_check action=maybe_recompile pc=0x0000000002fa38b4 method=java.util.HashMap.putVal(ILjava/lang/Object;Ljava/lang/Object;ZZ)Ljava/lang/Object; @ 253
Event: 4.285 Thread 0x00000000185e8800 Uncommon trap: reason=class_check action=maybe_recompile pc=0x000000000305e1f0 method=java.io.FilterInputStream.read()I @ 4
Event: 4.285 Thread 0x00000000185e8800 Uncommon trap: reason=class_check action=maybe_recompile pc=0x000000000305e1f0 method=java.io.FilterInputStream.read()I @ 4
Event: 4.285 Thread 0x00000000185e8800 Uncommon trap: reason=class_check action=maybe_recompile pc=0x000000000305e1f0 method=java.io.FilterInputStream.read()I @ 4
Event: 4.285 Thread 0x00000000185e8800 Uncommon trap: reason=class_check action=maybe_recompile pc=0x000000000305e1f0 method=java.io.FilterInputStream.read()I @ 4

Classes redefined (0 events):
No events

Internal exceptions (10 events):
Event: 1.169 Thread 0x00000000185e8800 Exception <a 'java/lang/NullPointerException'> (0x00000000e1871ae8) thrown at [C:\re\workspace\8-2-build-windows-amd64-cygwin\jdk8u172\10810\hotspot\src\share\vm\prims\jvm.cpp, line 1439]
Event: 1.259 Thread 0x00000000185e8800 Exception <a 'java/lang/ArrayIndexOutOfBoundsException': 78> (0x00000000e19c3510) thrown at [C:\re\workspace\8-2-build-windows-amd64-cygwin\jdk8u172\10810\hotspot\src\share\vm\interpreter\interpreterRuntime.cpp, line 366]
Event: 1.261 Thread 0x00000000185e8800 Exception <a 'java/lang/ArrayIndexOutOfBoundsException': 18> (0x00000000e19c43e8) thrown at [C:\re\workspace\8-2-build-windows-amd64-cygwin\jdk8u172\10810\hotspot\src\share\vm\interpreter\interpreterRuntime.cpp, line 366]
Event: 1.261 Thread 0x00000000185e8800 Exception <a 'java/lang/ArrayIndexOutOfBoundsException': 86> (0x00000000e19c5790) thrown at [C:\re\workspace\8-2-build-windows-amd64-cygwin\jdk8u172\10810\hotspot\src\share\vm\interpreter\interpreterRuntime.cpp, line 366]
Event: 1.280 Thread 0x00000000185e8800 Exception <a 'java/lang/ArrayIndexOutOfBoundsException'> (0x00000000e19e93f0) thrown at [C:\re\workspace\8-2-build-windows-amd64-cygwin\jdk8u172\10810\hotspot\src\share\vm\runtime\sharedRuntime.cpp, line 605]
Event: 1.667 Thread 0x00000000185e8800 Exception <a 'java/lang/ArrayIndexOutOfBoundsException'> (0x00000000e1f43ed0) thrown at [C:\re\workspace\8-2-build-windows-amd64-cygwin\jdk8u172\10810\hotspot\src\share\vm\runtime\sharedRuntime.cpp, line 605]
Event: 1.667 Thread 0x00000000185e8800 Exception <a 'java/lang/ArrayIndexOutOfBoundsException'> (0x00000000e1f452c0) thrown at [C:\re\workspace\8-2-build-windows-amd64-cygwin\jdk8u172\10810\hotspot\src\share\vm\runtime\sharedRuntime.cpp, line 605]
Event: 1.689 Thread 0x00000000185e8800 Exception <a 'java/lang/ArrayIndexOutOfBoundsException'> (0x00000000e1fc7a28) thrown at [C:\re\workspace\8-2-build-windows-amd64-cygwin\jdk8u172\10810\hotspot\src\share\vm\runtime\sharedRuntime.cpp, line 605]
Event: 2.077 Thread 0x00000000185e8800 Implicit null exception at 0x0000000002efb9b5 to 0x0000000002efbbc5
Event: 3.151 Thread 0x00000000185e8800 Implicit null exception at 0x0000000002e86096 to 0x0000000002e86431

Events (10 events):
Event: 4.285 Thread 0x00000000185e8800 DEOPT UNPACKING pc=0x0000000002c7583b sp=0x0000000019b3b2e8 mode 2
Event: 4.285 Thread 0x00000000185e8800 Uncommon trap: trap_request=0xffffffde fr.pc=0x000000000305e1f0
Event: 4.285 Thread 0x00000000185e8800 DEOPT PACKING pc=0x000000000305e1f0 sp=0x0000000019b3b320
Event: 4.285 Thread 0x00000000185e8800 DEOPT UNPACKING pc=0x0000000002c7583b sp=0x0000000019b3b2e8 mode 2
Event: 4.285 Thread 0x00000000185e8800 Uncommon trap: trap_request=0xffffffde fr.pc=0x000000000305e1f0
Event: 4.285 Thread 0x00000000185e8800 DEOPT PACKING pc=0x000000000305e1f0 sp=0x0000000019b3b320
Event: 4.285 Thread 0x00000000185e8800 DEOPT UNPACKING pc=0x0000000002c7583b sp=0x0000000019b3b2e8 mode 2
Event: 4.285 Thread 0x00000000185e8800 Uncommon trap: trap_request=0xffffffde fr.pc=0x000000000305e1f0
Event: 4.285 Thread 0x00000000185e8800 DEOPT PACKING pc=0x000000000305e1f0 sp=0x0000000019b3b320
Event: 4.285 Thread 0x00000000185e8800 DEOPT UNPACKING pc=0x0000000002c7583b sp=0x0000000019b3b2e8 mode 2


Dynamic libraries:
0x00007ff68f8b0000 - 0x00007ff68f8e7000 	C:\Program Files\Java\jdk1.8.0_172\jre\bin\java.exe
0x00007ffdeb280000 - 0x00007ffdeb461000 	C:\WINDOWS\SYSTEM32\ntdll.dll
0x00007ffde9690000 - 0x00007ffde9742000 	C:\WINDOWS\System32\KERNEL32.DLL
0x00007ffde8360000 - 0x00007ffde85d3000 	C:\WINDOWS\System32\KERNELBASE.dll
0x00007ffde9b10000 - 0x00007ffde9bb1000 	C:\WINDOWS\System32\ADVAPI32.dll
0x00007ffde8ad0000 - 0x00007ffde8b6e000 	C:\WINDOWS\System32\msvcrt.dll
0x00007ffde8710000 - 0x00007ffde876b000 	C:\WINDOWS\System32\sechost.dll
0x00007ffde9440000 - 0x00007ffde9564000 	C:\WINDOWS\System32\RPCRT4.dll
0x00007ffde8770000 - 0x00007ffde8900000 	C:\WINDOWS\System32\USER32.dll
0x00007ffde86f0000 - 0x00007ffde8710000 	C:\WINDOWS\System32\win32u.dll
0x00007ffde9ae0000 - 0x00007ffde9b08000 	C:\WINDOWS\System32\GDI32.dll
0x00007ffde7e80000 - 0x00007ffde8012000 	C:\WINDOWS\System32\gdi32full.dll
0x00007ffde76d0000 - 0x00007ffde776f000 	C:\WINDOWS\System32\msvcp_win.dll
0x00007ffde8020000 - 0x00007ffde811a000 	C:\WINDOWS\System32\ucrtbase.dll
0x00007ffddc8d0000 - 0x00007ffddcb39000 	C:\WINDOWS\WinSxS\amd64_microsoft.windows.common-controls_6595b64144ccf1df_6.0.17134.112_none_fb3f961b30681c12\COMCTL32.dll
0x00007ffde9110000 - 0x00007ffde9433000 	C:\WINDOWS\System32\combase.dll
0x00007ffde7650000 - 0x00007ffde76ca000 	C:\WINDOWS\System32\bcryptPrimitives.dll
0x00007ffde8900000 - 0x00007ffde892d000 	C:\WINDOWS\System32\IMM32.DLL
0x0000000053be0000 - 0x0000000053cb2000 	C:\Program Files\Java\jdk1.8.0_172\jre\bin\msvcr100.dll
0x0000000053cc0000 - 0x0000000054563000 	C:\Program Files\Java\jdk1.8.0_172\jre\bin\server\jvm.dll
0x00007ffde98d0000 - 0x00007ffde98d8000 	C:\WINDOWS\System32\PSAPI.DLL
0x00007ffddce40000 - 0x00007ffddce49000 	C:\WINDOWS\SYSTEM32\WSOCK32.dll
0x00007ffddc0a0000 - 0x00007ffddc0aa000 	C:\WINDOWS\SYSTEM32\VERSION.dll
0x00007ffde9620000 - 0x00007ffde968c000 	C:\WINDOWS\System32\WS2_32.dll
0x00007ffdd7870000 - 0x00007ffdd7893000 	C:\WINDOWS\SYSTEM32\WINMM.dll
0x00007ffdd7840000 - 0x00007ffdd786a000 	C:\WINDOWS\SYSTEM32\WINMMBASE.dll
0x00007ffde8310000 - 0x00007ffde8359000 	C:\WINDOWS\System32\cfgmgr32.dll
0x0000000054810000 - 0x000000005481f000 	C:\Program Files\Java\jdk1.8.0_172\jre\bin\verify.dll
0x00000000547e0000 - 0x0000000054809000 	C:\Program Files\Java\jdk1.8.0_172\jre\bin\java.dll
0x00000000547c0000 - 0x00000000547d6000 	C:\Program Files\Java\jdk1.8.0_172\jre\bin\zip.dll
0x00007ffde9db0000 - 0x00007ffdeb1f0000 	C:\WINDOWS\System32\SHELL32.dll
0x00007ffde99d0000 - 0x00007ffde9a79000 	C:\WINDOWS\System32\shcore.dll
0x00007ffde7770000 - 0x00007ffde7e7d000 	C:\WINDOWS\System32\windows.storage.dll
0x00007ffde9a80000 - 0x00007ffde9ad1000 	C:\WINDOWS\System32\shlwapi.dll
0x00007ffde7630000 - 0x00007ffde7641000 	C:\WINDOWS\System32\kernel.appcore.dll
0x00007ffde75f0000 - 0x00007ffde760f000 	C:\WINDOWS\System32\profapi.dll
0x00007ffde75a0000 - 0x00007ffde75ec000 	C:\WINDOWS\System32\powrprof.dll
0x00007ffde7590000 - 0x00007ffde759a000 	C:\WINDOWS\System32\FLTLIB.DLL
0x0000000002af0000 - 0x0000000002af3000 	C:\Program Files\Java\jdk1.8.0_172\jre\bin\api-ms-win-core-console-l1-1-0.dll
0x0000000002b00000 - 0x0000000002b03000 	C:\Program Files\Java\jdk1.8.0_172\jre\bin\api-ms-win-core-datetime-l1-1-0.dll
0x0000000002b10000 - 0x0000000002b13000 	C:\Program Files\Java\jdk1.8.0_172\jre\bin\api-ms-win-core-debug-l1-1-0.dll
0x0000000018390000 - 0x0000000018393000 	C:\Program Files\Java\jdk1.8.0_172\jre\bin\api-ms-win-core-errorhandling-l1-1-0.dll
0x00000000183a0000 - 0x00000000183a4000 	C:\Program Files\Java\jdk1.8.0_172\jre\bin\api-ms-win-core-file-l1-1-0.dll
0x00000000183b0000 - 0x00000000183b3000 	C:\Program Files\Java\jdk1.8.0_172\jre\bin\api-ms-win-core-file-l1-2-0.dll
0x00000000183c0000 - 0x00000000183c3000 	C:\Program Files\Java\jdk1.8.0_172\jre\bin\api-ms-win-core-file-l2-1-0.dll
0x00000000183d0000 - 0x00000000183d3000 	C:\Program Files\Java\jdk1.8.0_172\jre\bin\api-ms-win-core-handle-l1-1-0.dll
0x00000000183e0000 - 0x00000000183e3000 	C:\Program Files\Java\jdk1.8.0_172\jre\bin\api-ms-win-core-heap-l1-1-0.dll
0x00000000183f0000 - 0x00000000183f3000 	C:\Program Files\Java\jdk1.8.0_172\jre\bin\api-ms-win-core-interlocked-l1-1-0.dll
0x0000000018400000 - 0x0000000018403000 	C:\Program Files\Java\jdk1.8.0_172\jre\bin\api-ms-win-core-libraryloader-l1-1-0.dll
0x0000000018410000 - 0x0000000018413000 	C:\Program Files\Java\jdk1.8.0_172\jre\bin\api-ms-win-core-localization-l1-2-0.dll
0x0000000018420000 - 0x0000000018423000 	C:\Program Files\Java\jdk1.8.0_172\jre\bin\api-ms-win-core-memory-l1-1-0.dll
0x0000000018430000 - 0x0000000018433000 	C:\Program Files\Java\jdk1.8.0_172\jre\bin\api-ms-win-core-namedpipe-l1-1-0.dll
0x0000000018440000 - 0x0000000018443000 	C:\Program Files\Java\jdk1.8.0_172\jre\bin\api-ms-win-core-processenvironment-l1-1-0.dll
0x0000000018450000 - 0x0000000018453000 	C:\Program Files\Java\jdk1.8.0_172\jre\bin\api-ms-win-core-processthreads-l1-1-0.dll
0x0000000018460000 - 0x0000000018463000 	C:\Program Files\Java\jdk1.8.0_172\jre\bin\api-ms-win-core-processthreads-l1-1-1.dll
0x0000000018470000 - 0x0000000018473000 	C:\Program Files\Java\jdk1.8.0_172\jre\bin\api-ms-win-core-profile-l1-1-0.dll
0x0000000018480000 - 0x0000000018483000 	C:\Program Files\Java\jdk1.8.0_172\jre\bin\api-ms-win-core-rtlsupport-l1-1-0.dll
0x0000000018490000 - 0x0000000018493000 	C:\Program Files\Java\jdk1.8.0_172\jre\bin\api-ms-win-core-string-l1-1-0.dll
0x00000000184a0000 - 0x00000000184a3000 	C:\Program Files\Java\jdk1.8.0_172\jre\bin\api-ms-win-core-synch-l1-1-0.dll
0x00000000184b0000 - 0x00000000184b3000 	C:\Program Files\Java\jdk1.8.0_172\jre\bin\api-ms-win-core-synch-l1-2-0.dll
0x00000000184c0000 - 0x00000000184c3000 	C:\Program Files\Java\jdk1.8.0_172\jre\bin\api-ms-win-core-sysinfo-l1-1-0.dll
0x00000000184d0000 - 0x00000000184d3000 	C:\Program Files\Java\jdk1.8.0_172\jre\bin\api-ms-win-core-timezone-l1-1-0.dll
0x00000000184e0000 - 0x00000000184e3000 	C:\Program Files\Java\jdk1.8.0_172\jre\bin\api-ms-win-core-util-l1-1-0.dll
0x00000000184f0000 - 0x00000000184f3000 	C:\Program Files\Java\jdk1.8.0_172\jre\bin\api-ms-win-crt-conio-l1-1-0.dll
0x0000000018500000 - 0x0000000018504000 	C:\Program Files\Java\jdk1.8.0_172\jre\bin\api-ms-win-crt-convert-l1-1-0.dll
0x0000000018510000 - 0x0000000018513000 	C:\Program Files\Java\jdk1.8.0_172\jre\bin\api-ms-win-crt-environment-l1-1-0.dll
0x0000000018520000 - 0x0000000018523000 	C:\Program Files\Java\jdk1.8.0_172\jre\bin\api-ms-win-crt-filesystem-l1-1-0.dll
0x0000000018530000 - 0x0000000018533000 	C:\Program Files\Java\jdk1.8.0_172\jre\bin\api-ms-win-crt-heap-l1-1-0.dll
0x0000000018540000 - 0x0000000018543000 	C:\Program Files\Java\jdk1.8.0_172\jre\bin\api-ms-win-crt-locale-l1-1-0.dll
0x0000000018550000 - 0x0000000018555000 	C:\Program Files\Java\jdk1.8.0_172\jre\bin\api-ms-win-crt-math-l1-1-0.dll
0x0000000018560000 - 0x0000000018565000 	C:\Program Files\Java\jdk1.8.0_172\jre\bin\api-ms-win-crt-multibyte-l1-1-0.dll
0x0000000018570000 - 0x0000000018580000 	C:\Program Files\Java\jdk1.8.0_172\jre\bin\api-ms-win-crt-private-l1-1-0.dll
0x0000000018580000 - 0x0000000018583000 	C:\Program Files\Java\jdk1.8.0_172\jre\bin\api-ms-win-crt-process-l1-1-0.dll
0x0000000018590000 - 0x0000000018594000 	C:\Program Files\Java\jdk1.8.0_172\jre\bin\api-ms-win-crt-runtime-l1-1-0.dll
0x00000000185a0000 - 0x00000000185a4000 	C:\Program Files\Java\jdk1.8.0_172\jre\bin\api-ms-win-crt-stdio-l1-1-0.dll
0x00000000185b0000 - 0x00000000185b4000 	C:\Program Files\Java\jdk1.8.0_172\jre\bin\api-ms-win-crt-string-l1-1-0.dll
0x00000000185c0000 - 0x00000000185c3000 	C:\Program Files\Java\jdk1.8.0_172\jre\bin\api-ms-win-crt-time-l1-1-0.dll
0x00000000185d0000 - 0x00000000185d3000 	C:\Program Files\Java\jdk1.8.0_172\jre\bin\api-ms-win-crt-utility-l1-1-0.dll
0x00007ffdbd860000 - 0x00007ffdbd956000 	C:\Program Files\Java\jdk1.8.0_172\jre\bin\ucrtbase.dll
0x00007ffde08a0000 - 0x00007ffde08b6000 	C:\Program Files\Java\jdk1.8.0_172\jre\bin\vcruntime140.dll
0x00007ffdbce40000 - 0x00007ffdbcedc000 	C:\Program Files\Java\jdk1.8.0_172\jre\bin\msvcp140.dll
0x00007ffdcd980000 - 0x00007ffdcd9d1000 	C:\Program Files\Java\jdk1.8.0_172\jre\bin\concrt140.dll
0x0000000052e00000 - 0x0000000052e23000 	C:\Program Files\Java\jdk1.8.0_172\jre\bin\prism_d3d.dll
0x00007ffdb8740000 - 0x00007ffdb88d7000 	C:\WINDOWS\system32\d3d9.dll
0x00007ffde59b0000 - 0x00007ffde59d9000 	C:\WINDOWS\SYSTEM32\dwmapi.dll
0x00007ffde54c0000 - 0x00007ffde5558000 	C:\WINDOWS\system32\uxtheme.dll
0x00007ffdc1ae0000 - 0x00007ffdc1cb5000 	C:\WINDOWS\System32\DriverStore\FileRepository\igdlh64.inf_amd64_0541b698fc6e40b0\igdumdim64.dll
0x00007ffdb23b0000 - 0x00007ffdb5354000 	C:\WINDOWS\System32\DriverStore\FileRepository\igdlh64.inf_amd64_0541b698fc6e40b0\igd9dxva64.dll
0x00007ffde9bc0000 - 0x00007ffde9d11000 	C:\WINDOWS\System32\ole32.dll
0x00007ffde8b70000 - 0x00007ffde8c32000 	C:\WINDOWS\System32\OLEAUT32.dll
0x0000000052db0000 - 0x0000000052df9000 	C:\Program Files\Java\jdk1.8.0_172\jre\bin\glass.dll
0x00007ffde98e0000 - 0x00007ffde99cd000 	C:\WINDOWS\System32\COMDLG32.dll
0x00007ffde9750000 - 0x00007ffde98c5000 	C:\WINDOWS\System32\MSCTF.dll
0x00007ffdd29e0000 - 0x00007ffdd4770000 	C:\WINDOWS\System32\DriverStore\FileRepository\igdlh64.inf_amd64_0541b698fc6e40b0\igc64.dll
0x0000000052d90000 - 0x0000000052da4000 	C:\Program Files\Java\jdk1.8.0_172\jre\bin\javafx_font.dll
0x00007ffdd2360000 - 0x00007ffdd267c000 	C:\WINDOWS\SYSTEM32\dwrite.dll
0x00007ffde9580000 - 0x00007ffde9620000 	C:\WINDOWS\System32\clbcatq.dll
0x00007ffde5030000 - 0x00007ffde51de000 	C:\WINDOWS\SYSTEM32\WindowsCodecs.dll
0x00007ffdcc6f0000 - 0x00007ffdcc748000 	C:\WINDOWS\system32\dataexchange.dll
0x00007ffde3340000 - 0x00007ffde364b000 	C:\WINDOWS\system32\d3d11.dll
0x00007ffde44c0000 - 0x00007ffde465c000 	C:\WINDOWS\system32\dcomp.dll
0x00007ffde6270000 - 0x00007ffde632b000 	C:\WINDOWS\system32\dxgi.dll
0x00007ffde5b40000 - 0x00007ffde5cf8000 	C:\WINDOWS\system32\twinapi.appcore.dll
0x00007ffde5a90000 - 0x00007ffde5ab1000 	C:\WINDOWS\system32\RMCLIENT.dll
0x00007ffde2640000 - 0x00007ffde2674000 	C:\Program Files\Common Files\Microsoft Shared\Ink\rtscom.dll
0x00007ffdd7240000 - 0x00007ffdd72d8000 	C:\WINDOWS\System32\TextInputFramework.dll
0x00007ffdd6ea0000 - 0x00007ffdd71be000 	C:\WINDOWS\System32\CoreUIComponents.dll
0x00007ffde4220000 - 0x00007ffde42fa000 	C:\WINDOWS\System32\CoreMessaging.dll
0x00007ffde2f50000 - 0x00007ffde309d000 	C:\WINDOWS\SYSTEM32\wintypes.dll
0x00007ffde66b0000 - 0x00007ffde66e1000 	C:\WINDOWS\SYSTEM32\ntmarta.dll
0x0000000052d70000 - 0x0000000052d82000 	C:\Program Files\Java\jdk1.8.0_172\jre\bin\prism_common.dll
0x0000000054770000 - 0x000000005478a000 	C:\Program Files\Java\jdk1.8.0_172\jre\bin\net.dll
0x00007ffde6db0000 - 0x00007ffde6e16000 	C:\WINDOWS\system32\mswsock.dll
0x00007ffde6b70000 - 0x00007ffde6c2e000 	C:\WINDOWS\SYSTEM32\DNSAPI.dll
0x00007ffde9d20000 - 0x00007ffde9d28000 	C:\WINDOWS\System32\NSI.dll
0x00007ffde6b30000 - 0x00007ffde6b68000 	C:\WINDOWS\SYSTEM32\IPHLPAPI.DLL
0x00007ffdde6f0000 - 0x00007ffdde6fa000 	C:\Windows\System32\rasadhlp.dll
0x00007ffdde950000 - 0x00007ffdde9c2000 	C:\WINDOWS\System32\fwpuclnt.dll
0x00007ffde7090000 - 0x00007ffde70b5000 	C:\WINDOWS\SYSTEM32\bcrypt.dll

VM Arguments:
jvm_args: -Dfile.encoding=UTF-8 
java_command: C:\Users\wande\Documents\NetBeansProjects\fx1\dist\run449181049\fx1.jar
java_class_path (initial): C:\Users\wande\Documents\NetBeansProjects\fx1\dist\run449181049\fx1.jar
Launcher Type: SUN_STANDARD

Environment Variables:
PATH=C:\Program Files (x86)\Python36-32\Scripts\;C:\Program Files (x86)\Python36-32\;C:\Program Files (x86)\Common Files\Oracle\Java\javapath;C:\Windows\system32;C:\Windows;C:\Windows\System32\Wbem;C:\Windows\System32\WindowsPowerShell\v1.0\;C:\Program Files\Git\cmd;C:\Users\wande\AppData\Local\Microsoft\WindowsApps;C:\Program Files\Microsoft VS Code\bin;C:\adb;C:\WINDOWS\system32;C:\WINDOWS;C:\WINDOWS\System32\Wbem;C:\WINDOWS\System32\WindowsPowerShell\v1.0\;C:\WINDOWS\System32\OpenSSH\;C:\Program Files (x86)\Inno Setup 5;C:\Ruby24-x64\bin;C:\Users\wande\AppData\Local\Microsoft\WindowsApps;C:\Program Files\Microsoft VS Code\bin;D:\Program Files (x86)\EasyPHP-Devserver-17\eds-binaries\dbserver\mysql5717x86x180413072216\bin;C:\Program Files (x86)\Inno Setup 5
USERNAME=wande
OS=Windows_NT
PROCESSOR_IDENTIFIER=Intel64 Family 6 Model 92 Stepping 9, GenuineIntel



---------------  S Y S T E M  ---------------

OS: Windows 10.0 , 64 bit Build 17134 (10.0.17134.1)

CPU:total 4 (initial active 4) (4 cores per cpu, 1 threads per core) family 6 model 92 stepping 9, cmov, cx8, fxsr, mmx, sse, sse2, sse3, ssse3, sse4.1, sse4.2, popcnt, aes, clmul, erms, 3dnowpref, tsc, tscinvbit

Memory: 4k page, physical 6136820k(1401976k free), swap 10051308k(5120k free)

vm_info: Java HotSpot(TM) 64-Bit Server VM (25.172-b11) for windows-amd64 JRE (1.8.0_172-b11), built on Mar 28 2018 21:21:52 by "java_re" with MS VC++ 10.0 (VS2010)

time: Thu Jun 14 17:05:29 2018
elapsed time: 4 seconds (0d 0h 0m 4s)

