#
# There is insufficient memory for the Java Runtime Environment to continue.
# Native memory allocation (malloc) failed to allocate 262160 bytes for Chunk::new
# Possible reasons:
#   The system is out of physical RAM or swap space
#   In 32 bit mode, the process size limit was hit
# Possible solutions:
#   Reduce memory load on the system
#   Increase physical memory or swap space
#   Check if swap backing store is full
#   Use 64 bit Java on a 64 bit OS
#   Decrease Java heap size (-Xmx/-Xms)
#   Decrease number of Java threads
#   Decrease Java thread stack sizes (-Xss)
#   Set larger code cache with -XX:ReservedCodeCacheSize=
# This output file may be truncated or incomplete.
#
#  Out of Memory Error (allocation.cpp:390), pid=2620, tid=0x0000000000001428
#
# JRE version: Java(TM) SE Runtime Environment (8.0_172-b11) (build 1.8.0_172-b11)
# Java VM: Java HotSpot(TM) 64-Bit Server VM (25.172-b11 mixed mode windows-amd64 compressed oops)
# Failed to write core dump. Minidumps are not enabled by default on client versions of Windows
#

---------------  T H R E A D  ---------------

Current thread (0x000000001609e000):  JavaThread "C2 CompilerThread0" daemon [_thread_in_native, id=5160, stack(0x00000000176e0000,0x00000000177e0000)]

Stack: [0x00000000176e0000,0x00000000177e0000]
[error occurred during error reporting (printing stack bounds), id 0xc0000005]

Native frames: (J=compiled Java code, j=interpreted, Vv=VM code, C=native code)


Current CompileTask:
C2:  13296 3719   !   4       javafx.scene.CssStyleHelper::transitionToState (1075 bytes)


---------------  P R O C E S S  ---------------

Java Threads: ( => current thread )
  0x000000002205a800 JavaThread "Abandoned connection cleanup thread" daemon [_thread_blocked, id=5712, stack(0x0000000026af0000,0x0000000026bf0000)]
  0x000000001953d800 JavaThread "Prism Font Disposer" daemon [_thread_blocked, id=9340, stack(0x0000000023df0000,0x0000000023ef0000)]
  0x0000000018fb1000 JavaThread "JavaFX-Launcher" [_thread_blocked, id=11196, stack(0x0000000020460000,0x0000000020560000)]
  0x0000000018fc3800 JavaThread "Thread-2" daemon [_thread_in_native, id=2148, stack(0x0000000020360000,0x0000000020460000)]
  0x0000000017dcc800 JavaThread "JavaFX Application Thread" [_thread_blocked, id=9704, stack(0x0000000018e50000,0x0000000018f50000)]
  0x0000000017dc9000 JavaThread "Thread-1" daemon [_thread_blocked, id=3172, stack(0x0000000018d50000,0x0000000018e50000)]
  0x0000000017dac800 JavaThread "QuantumRenderer-0" daemon [_thread_in_native, id=6756, stack(0x00000000181d0000,0x00000000182d0000)]
  0x0000000017a0a800 JavaThread "Service Thread" daemon [_thread_blocked, id=8840, stack(0x0000000017de0000,0x0000000017ee0000)]
  0x00000000160ac000 JavaThread "C1 CompilerThread2" daemon [_thread_blocked, id=9756, stack(0x00000000178e0000,0x00000000179e0000)]
  0x00000000160a2000 JavaThread "C2 CompilerThread1" daemon [_thread_in_native, id=9156, stack(0x00000000177e0000,0x00000000178e0000)]
=>0x000000001609e000 JavaThread "C2 CompilerThread0" daemon [_thread_in_native, id=5160, stack(0x00000000176e0000,0x00000000177e0000)]
  0x000000001609c000 JavaThread "Attach Listener" daemon [_thread_blocked, id=11040, stack(0x00000000175e0000,0x00000000176e0000)]
  0x000000001609a800 JavaThread "Signal Dispatcher" daemon [_thread_blocked, id=7600, stack(0x00000000174e0000,0x00000000175e0000)]
  0x000000000287b000 JavaThread "Finalizer" daemon [_thread_blocked, id=8436, stack(0x00000000172f0000,0x00000000173f0000)]
  0x0000000002870000 JavaThread "Reference Handler" daemon [_thread_blocked, id=8248, stack(0x00000000171f0000,0x00000000172f0000)]
  0x000000000267e800 JavaThread "main" [_thread_blocked, id=11016, stack(0x0000000002680000,0x0000000002780000)]

Other Threads:
  0x0000000016068000 VMThread [stack: 0x00000000170f0000,0x00000000171f0000] [id=7808]
  0x0000000017a0b000 WatcherThread [stack: 0x0000000017ee0000,0x0000000017fe0000] [id=11124]

VM state:not at safepoint (normal execution)

VM Mutex/Monitor currently owned by a thread: None

Heap:
 PSYoungGen      total 28160K, used 16856K [0x00000000e0c00000, 0x00000000e4300000, 0x0000000100000000)
  eden space 24576K, 68% used [0x00000000e0c00000,0x00000000e1c760f8,0x00000000e2400000)
  from space 3584K, 0% used [0x00000000e2400000,0x00000000e2400000,0x00000000e2780000)
  to   space 3584K, 0% used [0x00000000e3f80000,0x00000000e3f80000,0x00000000e4300000)
 ParOldGen       total 57856K, used 11201K [0x00000000a2400000, 0x00000000a5c80000, 0x00000000e0c00000)
  object space 57856K, 19% used [0x00000000a2400000,0x00000000a2ef0410,0x00000000a5c80000)
 Metaspace       used 23649K, capacity 24974K, committed 25216K, reserved 1071104K
  class space    used 3345K, capacity 3605K, committed 3712K, reserved 1048576K

Card table byte_map: [0x0000000011c40000,0x0000000011f30000] byte_map_base: 0x000000001172e000

Marking Bits: (ParMarkBitMap*) 0x00000000544e3c10
 Begin Bits: [0x0000000012530000, 0x0000000013ca0000)
 End Bits:   [0x0000000013ca0000, 0x0000000015410000)

Polling page: 0x0000000002370000

CodeCache: size=245760Kb used=11897Kb max_used=11913Kb free=233862Kb
 bounds [0x0000000002880000, 0x0000000003430000, 0x0000000011880000]
 total_blobs=4460 nmethods=3725 adapters=647
 compilation: enabled

Compilation events (10 events):
Event: 13.174 Thread 0x00000000160ac000 3723       1       javafx.scene.layout.CornerRadii::getBottomRightVerticalRadius (5 bytes)
Event: 13.174 Thread 0x00000000160ac000 nmethod 3723 0x0000000003421a50 code [0x0000000003421ba0, 0x0000000003421cb0]
Event: 13.174 Thread 0x00000000160ac000 3724       1       javafx.scene.layout.CornerRadii::getBottomLeftVerticalRadius (5 bytes)
Event: 13.174 Thread 0x00000000160ac000 nmethod 3724 0x0000000003421d10 code [0x0000000003421e60, 0x0000000003421f70]
Event: 13.174 Thread 0x00000000160ac000 3725       1       javafx.scene.layout.CornerRadii::getBottomLeftHorizontalRadius (5 bytes)
Event: 13.175 Thread 0x00000000160ac000 nmethod 3725 0x0000000003421fd0 code [0x0000000003422120, 0x0000000003422230]
Event: 13.194 Thread 0x00000000160ac000 3726       1       com.sun.javafx.geom.transform.Affine3D::getDegree (4 bytes)
Event: 13.194 Thread 0x00000000160ac000 nmethod 3726 0x0000000003422290 code [0x00000000034223e0, 0x00000000034224f0]
Event: 13.225 Thread 0x00000000160a2000 nmethod 3718 0x00000000034265d0 code [0x0000000003426860, 0x0000000003427c38]
Event: 13.247 Thread 0x00000000160a2000 3727  s!   4       com.sun.scenario.effect.impl.ImagePool::checkOut (447 bytes)

GC Heap History (8 events):
Event: 1.946 GC heap before
{Heap before GC invocations=1 (full 0):
 PSYoungGen      total 28160K, used 24576K [0x00000000e0c00000, 0x00000000e2b00000, 0x0000000100000000)
  eden space 24576K, 100% used [0x00000000e0c00000,0x00000000e2400000,0x00000000e2400000)
  from space 3584K, 0% used [0x00000000e2780000,0x00000000e2780000,0x00000000e2b00000)
  to   space 3584K, 0% used [0x00000000e2400000,0x00000000e2400000,0x00000000e2780000)
 ParOldGen       total 64512K, used 0K [0x00000000a2400000, 0x00000000a6300000, 0x00000000e0c00000)
  object space 64512K, 0% used [0x00000000a2400000,0x00000000a2400000,0x00000000a6300000)
 Metaspace       used 11841K, capacity 12332K, committed 12544K, reserved 1060864K
  class space    used 1585K, capacity 1740K, committed 1792K, reserved 1048576K
Event: 1.956 GC heap after
Heap after GC invocations=1 (full 0):
 PSYoungGen      total 28160K, used 3568K [0x00000000e0c00000, 0x00000000e2b00000, 0x0000000100000000)
  eden space 24576K, 0% used [0x00000000e0c00000,0x00000000e0c00000,0x00000000e2400000)
  from space 3584K, 99% used [0x00000000e2400000,0x00000000e277c040,0x00000000e2780000)
  to   space 3584K, 0% used [0x00000000e2780000,0x00000000e2780000,0x00000000e2b00000)
 ParOldGen       total 64512K, used 402K [0x00000000a2400000, 0x00000000a6300000, 0x00000000e0c00000)
  object space 64512K, 0% used [0x00000000a2400000,0x00000000a2464ad8,0x00000000a6300000)
 Metaspace       used 11841K, capacity 12332K, committed 12544K, reserved 1060864K
  class space    used 1585K, capacity 1740K, committed 1792K, reserved 1048576K
}
Event: 4.041 GC heap before
{Heap before GC invocations=2 (full 0):
 PSYoungGen      total 28160K, used 28144K [0x00000000e0c00000, 0x00000000e2b00000, 0x0000000100000000)
  eden space 24576K, 100% used [0x00000000e0c00000,0x00000000e2400000,0x00000000e2400000)
  from space 3584K, 99% used [0x00000000e2400000,0x00000000e277c040,0x00000000e2780000)
  to   space 3584K, 0% used [0x00000000e2780000,0x00000000e2780000,0x00000000e2b00000)
 ParOldGen       total 64512K, used 402K [0x00000000a2400000, 0x00000000a6300000, 0x00000000e0c00000)
  object space 64512K, 0% used [0x00000000a2400000,0x00000000a2464ad8,0x00000000a6300000)
 Metaspace       used 18137K, capacity 19274K, committed 19456K, reserved 1064960K
  class space    used 2789K, capacity 3019K, committed 3072K, reserved 1048576K
Event: 4.067 GC heap after
Heap after GC invocations=2 (full 0):
 PSYoungGen      total 28160K, used 3559K [0x00000000e0c00000, 0x00000000e2b00000, 0x0000000100000000)
  eden space 24576K, 0% used [0x00000000e0c00000,0x00000000e0c00000,0x00000000e2400000)
  from space 3584K, 99% used [0x00000000e2780000,0x00000000e2af9c90,0x00000000e2b00000)
  to   space 3584K, 0% used [0x00000000e2400000,0x00000000e2400000,0x00000000e2780000)
 ParOldGen       total 64512K, used 3568K [0x00000000a2400000, 0x00000000a6300000, 0x00000000e0c00000)
  object space 64512K, 5% used [0x00000000a2400000,0x00000000a277c3b8,0x00000000a6300000)
 Metaspace       used 18137K, capacity 19274K, committed 19456K, reserved 1064960K
  class space    used 2789K, capacity 3019K, committed 3072K, reserved 1048576K
}
Event: 4.511 GC heap before
{Heap before GC invocations=3 (full 0):
 PSYoungGen      total 28160K, used 12295K [0x00000000e0c00000, 0x00000000e2b00000, 0x0000000100000000)
  eden space 24576K, 35% used [0x00000000e0c00000,0x00000000e1488300,0x00000000e2400000)
  from space 3584K, 99% used [0x00000000e2780000,0x00000000e2af9c90,0x00000000e2b00000)
  to   space 3584K, 0% used [0x00000000e2400000,0x00000000e2400000,0x00000000e2780000)
 ParOldGen       total 64512K, used 3568K [0x00000000a2400000, 0x00000000a6300000, 0x00000000e0c00000)
  object space 64512K, 5% used [0x00000000a2400000,0x00000000a277c3b8,0x00000000a6300000)
 Metaspace       used 20056K, capacity 21220K, committed 21296K, reserved 1067008K
  class space    used 2989K, capacity 3198K, committed 3200K, reserved 1048576K
Event: 4.528 GC heap after
Heap after GC invocations=3 (full 0):
 PSYoungGen      total 28160K, used 3575K [0x00000000e0c00000, 0x00000000e4300000, 0x0000000100000000)
  eden space 24576K, 0% used [0x00000000e0c00000,0x00000000e0c00000,0x00000000e2400000)
  from space 3584K, 99% used [0x00000000e2400000,0x00000000e277dc80,0x00000000e2780000)
  to   space 3584K, 0% used [0x00000000e3f80000,0x00000000e3f80000,0x00000000e4300000)
 ParOldGen       total 64512K, used 8429K [0x00000000a2400000, 0x00000000a6300000, 0x00000000e0c00000)
  object space 64512K, 13% used [0x00000000a2400000,0x00000000a2c3b5f8,0x00000000a6300000)
 Metaspace       used 20056K, capacity 21220K, committed 21296K, reserved 1067008K
  class space    used 2989K, capacity 3198K, committed 3200K, reserved 1048576K
}
Event: 4.528 GC heap before
{Heap before GC invocations=4 (full 1):
 PSYoungGen      total 28160K, used 3575K [0x00000000e0c00000, 0x00000000e4300000, 0x0000000100000000)
  eden space 24576K, 0% used [0x00000000e0c00000,0x00000000e0c00000,0x00000000e2400000)
  from space 3584K, 99% used [0x00000000e2400000,0x00000000e277dc80,0x00000000e2780000)
  to   space 3584K, 0% used [0x00000000e3f80000,0x00000000e3f80000,0x00000000e4300000)
 ParOldGen       total 64512K, used 8429K [0x00000000a2400000, 0x00000000a6300000, 0x00000000e0c00000)
  object space 64512K, 13% used [0x00000000a2400000,0x00000000a2c3b5f8,0x00000000a6300000)
 Metaspace       used 20056K, capacity 21220K, committed 21296K, reserved 1067008K
  class space    used 2989K, capacity 3198K, committed 3200K, reserved 1048576K
Event: 4.648 GC heap after
Heap after GC invocations=4 (full 1):
 PSYoungGen      total 28160K, used 0K [0x00000000e0c00000, 0x00000000e4300000, 0x0000000100000000)
  eden space 24576K, 0% used [0x00000000e0c00000,0x00000000e0c00000,0x00000000e2400000)
  from space 3584K, 0% used [0x00000000e2400000,0x00000000e2400000,0x00000000e2780000)
  to   space 3584K, 0% used [0x00000000e3f80000,0x00000000e3f80000,0x00000000e4300000)
 ParOldGen       total 57856K, used 11201K [0x00000000a2400000, 0x00000000a5c80000, 0x00000000e0c00000)
  object space 57856K, 19% used [0x00000000a2400000,0x00000000a2ef0410,0x00000000a5c80000)
 Metaspace       used 20056K, capacity 21220K, committed 21296K, reserved 1067008K
  class space    used 2989K, capacity 3198K, committed 3200K, reserved 1048576K
}

Deoptimization events (10 events):
Event: 10.491 Thread 0x0000000017dcc800 Uncommon trap: reason=class_check action=maybe_recompile pc=0x000000000317e230 method=javafx.scene.Node.getGeomBounds(Lcom/sun/javafx/geom/BaseBounds;Lcom/sun/javafx/geom/transform/BaseTransform;)Lcom/sun/javafx/geom/BaseBounds; @ 123
Event: 11.048 Thread 0x0000000017dcc800 Uncommon trap: reason=unstable_if action=reinterpret pc=0x0000000002b2a4b8 method=java.lang.String.indexOf([CII[CIII)I @ 3
Event: 11.154 Thread 0x0000000017dcc800 Uncommon trap: reason=unstable_if action=reinterpret pc=0x0000000002d85494 method=java.io.ByteArrayInputStream.read()I @ 8
Event: 11.154 Thread 0x0000000017dcc800 Uncommon trap: reason=class_check action=maybe_recompile pc=0x0000000002e5ba70 method=java.io.FilterInputStream.read()I @ 4
Event: 11.154 Thread 0x0000000017dcc800 Uncommon trap: reason=class_check action=maybe_recompile pc=0x0000000002e5ba70 method=java.io.FilterInputStream.read()I @ 4
Event: 11.154 Thread 0x0000000017dcc800 Uncommon trap: reason=class_check action=maybe_recompile pc=0x0000000002e5ba70 method=java.io.FilterInputStream.read()I @ 4
Event: 11.154 Thread 0x0000000017dcc800 Uncommon trap: reason=class_check action=maybe_recompile pc=0x0000000002e5ba70 method=java.io.FilterInputStream.read()I @ 4
Event: 11.177 Thread 0x0000000017dcc800 Uncommon trap: reason=unstable_if action=reinterpret pc=0x0000000002fb90d8 method=java.util.HashMap.removeNode(ILjava/lang/Object;Ljava/lang/Object;ZZ)Ljava/util/HashMap$Node; @ 46
Event: 11.180 Thread 0x0000000017dcc800 Uncommon trap: reason=class_check action=maybe_recompile pc=0x00000000031cdf18 method=com.sun.javafx.collections.ObservableMapWrapper.get(Ljava/lang/Object;)Ljava/lang/Object; @ 5
Event: 11.218 Thread 0x0000000017dac800 Uncommon trap: reason=unstable_if action=reinterpret pc=0x0000000002e8819c method=java.util.WeakHashMap.eq(Ljava/lang/Object;Ljava/lang/Object;)Z @ 2

Classes redefined (0 events):
No events

Internal exceptions (10 events):
Event: 1.345 Thread 0x0000000017dcc800 Exception <a 'java/lang/ArrayIndexOutOfBoundsException': 86> (0x00000000e1a2ac70) thrown at [C:\re\workspace\8-2-build-windows-amd64-cygwin\jdk8u172\10810\hotspot\src\share\vm\interpreter\interpreterRuntime.cpp, line 366]
Event: 1.354 Thread 0x0000000017dcc800 Exception <a 'java/lang/ArrayIndexOutOfBoundsException'> (0x00000000e1a3efb0) thrown at [C:\re\workspace\8-2-build-windows-amd64-cygwin\jdk8u172\10810\hotspot\src\share\vm\runtime\sharedRuntime.cpp, line 605]
Event: 1.596 Thread 0x0000000017dcc800 Exception <a 'java/lang/ArrayIndexOutOfBoundsException'> (0x00000000e1de1308) thrown at [C:\re\workspace\8-2-build-windows-amd64-cygwin\jdk8u172\10810\hotspot\src\share\vm\runtime\sharedRuntime.cpp, line 605]
Event: 1.597 Thread 0x0000000017dcc800 Exception <a 'java/lang/ArrayIndexOutOfBoundsException'> (0x00000000e1de3330) thrown at [C:\re\workspace\8-2-build-windows-amd64-cygwin\jdk8u172\10810\hotspot\src\share\vm\runtime\sharedRuntime.cpp, line 605]
Event: 1.599 Thread 0x0000000017dcc800 Exception <a 'java/lang/ArrayIndexOutOfBoundsException'> (0x00000000e1de8bb8) thrown at [C:\re\workspace\8-2-build-windows-amd64-cygwin\jdk8u172\10810\hotspot\src\share\vm\runtime\sharedRuntime.cpp, line 605]
Event: 1.599 Thread 0x0000000017dcc800 Exception <a 'java/lang/ArrayIndexOutOfBoundsException'> (0x00000000e1de9fa8) thrown at [C:\re\workspace\8-2-build-windows-amd64-cygwin\jdk8u172\10810\hotspot\src\share\vm\runtime\sharedRuntime.cpp, line 605]
Event: 1.608 Thread 0x0000000017dcc800 Exception <a 'java/lang/ArrayIndexOutOfBoundsException'> (0x00000000e1e21cb0) thrown at [C:\re\workspace\8-2-build-windows-amd64-cygwin\jdk8u172\10810\hotspot\src\share\vm\runtime\sharedRuntime.cpp, line 605]
Event: 1.765 Thread 0x0000000017dcc800 Exception <a 'java/lang/ArrayIndexOutOfBoundsException'> (0x00000000e201e988) thrown at [C:\re\workspace\8-2-build-windows-amd64-cygwin\jdk8u172\10810\hotspot\src\share\vm\runtime\sharedRuntime.cpp, line 605]
Event: 2.626 Thread 0x0000000017dcc800 Implicit null exception at 0x0000000002b1d3b5 to 0x0000000002b1d58d
Event: 4.324 Thread 0x0000000017dcc800 Implicit null exception at 0x0000000002ada899 to 0x0000000002adac45

Events (10 events):
Event: 11.238 loading class com/sun/glass/ui/EventLoop$State
Event: 11.238 loading class com/sun/glass/ui/EventLoop$State done
Event: 12.266 loading class com/sun/prism/GraphicsResource
Event: 12.266 loading class com/sun/prism/GraphicsResource done
Event: 12.266 loading class com/sun/prism/GraphicsResource
Event: 12.266 loading class com/sun/prism/GraphicsResource done
Event: 12.271 loading class java/util/Optional
Event: 12.272 loading class java/util/Optional done
Event: 13.174 loading class com/sun/javafx/geom/LineIterator
Event: 13.174 loading class com/sun/javafx/geom/LineIterator done


Dynamic libraries:
0x00007ff68f8b0000 - 0x00007ff68f8e7000 	C:\Program Files\Java\jdk1.8.0_172\jre\bin\java.exe
0x00007ffdeb280000 - 0x00007ffdeb461000 	C:\WINDOWS\SYSTEM32\ntdll.dll
0x00007ffde9690000 - 0x00007ffde9742000 	C:\WINDOWS\System32\KERNEL32.DLL
0x00007ffde8360000 - 0x00007ffde85d3000 	C:\WINDOWS\System32\KERNELBASE.dll
0x00007ffde9b10000 - 0x00007ffde9bb1000 	C:\WINDOWS\System32\ADVAPI32.dll
0x00007ffde8ad0000 - 0x00007ffde8b6e000 	C:\WINDOWS\System32\msvcrt.dll
0x00007ffde8710000 - 0x00007ffde876b000 	C:\WINDOWS\System32\sechost.dll
0x00007ffde9440000 - 0x00007ffde9564000 	C:\WINDOWS\System32\RPCRT4.dll
0x00007ffde8770000 - 0x00007ffde8900000 	C:\WINDOWS\System32\USER32.dll
0x00007ffde86f0000 - 0x00007ffde8710000 	C:\WINDOWS\System32\win32u.dll
0x00007ffde9ae0000 - 0x00007ffde9b08000 	C:\WINDOWS\System32\GDI32.dll
0x00007ffde7e80000 - 0x00007ffde8012000 	C:\WINDOWS\System32\gdi32full.dll
0x00007ffde76d0000 - 0x00007ffde776f000 	C:\WINDOWS\System32\msvcp_win.dll
0x00007ffde8020000 - 0x00007ffde811a000 	C:\WINDOWS\System32\ucrtbase.dll
0x00007ffddc8d0000 - 0x00007ffddcb39000 	C:\WINDOWS\WinSxS\amd64_microsoft.windows.common-controls_6595b64144ccf1df_6.0.17134.112_none_fb3f961b30681c12\COMCTL32.dll
0x00007ffde9110000 - 0x00007ffde9433000 	C:\WINDOWS\System32\combase.dll
0x00007ffde7650000 - 0x00007ffde76ca000 	C:\WINDOWS\System32\bcryptPrimitives.dll
0x00007ffde8900000 - 0x00007ffde892d000 	C:\WINDOWS\System32\IMM32.DLL
0x0000000053be0000 - 0x0000000053cb2000 	C:\Program Files\Java\jdk1.8.0_172\jre\bin\msvcr100.dll
0x0000000053cc0000 - 0x0000000054563000 	C:\Program Files\Java\jdk1.8.0_172\jre\bin\server\jvm.dll
0x00007ffde98d0000 - 0x00007ffde98d8000 	C:\WINDOWS\System32\PSAPI.DLL
0x00007ffddce40000 - 0x00007ffddce49000 	C:\WINDOWS\SYSTEM32\WSOCK32.dll
0x00007ffdd7870000 - 0x00007ffdd7893000 	C:\WINDOWS\SYSTEM32\WINMM.dll
0x00007ffde9620000 - 0x00007ffde968c000 	C:\WINDOWS\System32\WS2_32.dll
0x00007ffddc0a0000 - 0x00007ffddc0aa000 	C:\WINDOWS\SYSTEM32\VERSION.dll
0x00007ffdd7840000 - 0x00007ffdd786a000 	C:\WINDOWS\SYSTEM32\WINMMBASE.dll
0x00007ffde8310000 - 0x00007ffde8359000 	C:\WINDOWS\System32\cfgmgr32.dll
0x0000000054810000 - 0x000000005481f000 	C:\Program Files\Java\jdk1.8.0_172\jre\bin\verify.dll
0x00000000547e0000 - 0x0000000054809000 	C:\Program Files\Java\jdk1.8.0_172\jre\bin\java.dll
0x00000000547c0000 - 0x00000000547d6000 	C:\Program Files\Java\jdk1.8.0_172\jre\bin\zip.dll
0x00007ffde9db0000 - 0x00007ffdeb1f0000 	C:\WINDOWS\System32\SHELL32.dll
0x00007ffde99d0000 - 0x00007ffde9a79000 	C:\WINDOWS\System32\shcore.dll
0x00007ffde7770000 - 0x00007ffde7e7d000 	C:\WINDOWS\System32\windows.storage.dll
0x00007ffde9a80000 - 0x00007ffde9ad1000 	C:\WINDOWS\System32\shlwapi.dll
0x00007ffde7630000 - 0x00007ffde7641000 	C:\WINDOWS\System32\kernel.appcore.dll
0x00007ffde75f0000 - 0x00007ffde760f000 	C:\WINDOWS\System32\profapi.dll
0x00007ffde75a0000 - 0x00007ffde75ec000 	C:\WINDOWS\System32\powrprof.dll
0x00007ffde7590000 - 0x00007ffde759a000 	C:\WINDOWS\System32\FLTLIB.DLL
0x00000000025e0000 - 0x00000000025e3000 	C:\Program Files\Java\jdk1.8.0_172\jre\bin\api-ms-win-core-console-l1-1-0.dll
0x00000000025f0000 - 0x00000000025f3000 	C:\Program Files\Java\jdk1.8.0_172\jre\bin\api-ms-win-core-datetime-l1-1-0.dll
0x0000000002600000 - 0x0000000002603000 	C:\Program Files\Java\jdk1.8.0_172\jre\bin\api-ms-win-core-debug-l1-1-0.dll
0x0000000002610000 - 0x0000000002613000 	C:\Program Files\Java\jdk1.8.0_172\jre\bin\api-ms-win-core-errorhandling-l1-1-0.dll
0x0000000002620000 - 0x0000000002624000 	C:\Program Files\Java\jdk1.8.0_172\jre\bin\api-ms-win-core-file-l1-1-0.dll
0x0000000002630000 - 0x0000000002633000 	C:\Program Files\Java\jdk1.8.0_172\jre\bin\api-ms-win-core-file-l1-2-0.dll
0x0000000002640000 - 0x0000000002643000 	C:\Program Files\Java\jdk1.8.0_172\jre\bin\api-ms-win-core-file-l2-1-0.dll
0x0000000002650000 - 0x0000000002653000 	C:\Program Files\Java\jdk1.8.0_172\jre\bin\api-ms-win-core-handle-l1-1-0.dll
0x0000000002660000 - 0x0000000002663000 	C:\Program Files\Java\jdk1.8.0_172\jre\bin\api-ms-win-core-heap-l1-1-0.dll
0x0000000017fe0000 - 0x0000000017fe3000 	C:\Program Files\Java\jdk1.8.0_172\jre\bin\api-ms-win-core-interlocked-l1-1-0.dll
0x0000000017ff0000 - 0x0000000017ff3000 	C:\Program Files\Java\jdk1.8.0_172\jre\bin\api-ms-win-core-libraryloader-l1-1-0.dll
0x0000000018000000 - 0x0000000018003000 	C:\Program Files\Java\jdk1.8.0_172\jre\bin\api-ms-win-core-localization-l1-2-0.dll
0x0000000018010000 - 0x0000000018013000 	C:\Program Files\Java\jdk1.8.0_172\jre\bin\api-ms-win-core-memory-l1-1-0.dll
0x0000000018020000 - 0x0000000018023000 	C:\Program Files\Java\jdk1.8.0_172\jre\bin\api-ms-win-core-namedpipe-l1-1-0.dll
0x0000000018030000 - 0x0000000018033000 	C:\Program Files\Java\jdk1.8.0_172\jre\bin\api-ms-win-core-processenvironment-l1-1-0.dll
0x0000000018040000 - 0x0000000018043000 	C:\Program Files\Java\jdk1.8.0_172\jre\bin\api-ms-win-core-processthreads-l1-1-0.dll
0x0000000018050000 - 0x0000000018053000 	C:\Program Files\Java\jdk1.8.0_172\jre\bin\api-ms-win-core-processthreads-l1-1-1.dll
0x0000000018060000 - 0x0000000018063000 	C:\Program Files\Java\jdk1.8.0_172\jre\bin\api-ms-win-core-profile-l1-1-0.dll
0x0000000018070000 - 0x0000000018073000 	C:\Program Files\Java\jdk1.8.0_172\jre\bin\api-ms-win-core-rtlsupport-l1-1-0.dll
0x0000000018080000 - 0x0000000018083000 	C:\Program Files\Java\jdk1.8.0_172\jre\bin\api-ms-win-core-string-l1-1-0.dll
0x0000000018090000 - 0x0000000018093000 	C:\Program Files\Java\jdk1.8.0_172\jre\bin\api-ms-win-core-synch-l1-1-0.dll
0x00000000180a0000 - 0x00000000180a3000 	C:\Program Files\Java\jdk1.8.0_172\jre\bin\api-ms-win-core-synch-l1-2-0.dll
0x00000000180b0000 - 0x00000000180b3000 	C:\Program Files\Java\jdk1.8.0_172\jre\bin\api-ms-win-core-sysinfo-l1-1-0.dll
0x00000000180c0000 - 0x00000000180c3000 	C:\Program Files\Java\jdk1.8.0_172\jre\bin\api-ms-win-core-timezone-l1-1-0.dll
0x00000000180d0000 - 0x00000000180d3000 	C:\Program Files\Java\jdk1.8.0_172\jre\bin\api-ms-win-core-util-l1-1-0.dll
0x00000000180e0000 - 0x00000000180e3000 	C:\Program Files\Java\jdk1.8.0_172\jre\bin\api-ms-win-crt-conio-l1-1-0.dll
0x00000000180f0000 - 0x00000000180f4000 	C:\Program Files\Java\jdk1.8.0_172\jre\bin\api-ms-win-crt-convert-l1-1-0.dll
0x0000000018100000 - 0x0000000018103000 	C:\Program Files\Java\jdk1.8.0_172\jre\bin\api-ms-win-crt-environment-l1-1-0.dll
0x0000000018110000 - 0x0000000018113000 	C:\Program Files\Java\jdk1.8.0_172\jre\bin\api-ms-win-crt-filesystem-l1-1-0.dll
0x0000000018120000 - 0x0000000018123000 	C:\Program Files\Java\jdk1.8.0_172\jre\bin\api-ms-win-crt-heap-l1-1-0.dll
0x0000000018130000 - 0x0000000018133000 	C:\Program Files\Java\jdk1.8.0_172\jre\bin\api-ms-win-crt-locale-l1-1-0.dll
0x0000000018140000 - 0x0000000018145000 	C:\Program Files\Java\jdk1.8.0_172\jre\bin\api-ms-win-crt-math-l1-1-0.dll
0x0000000018150000 - 0x0000000018155000 	C:\Program Files\Java\jdk1.8.0_172\jre\bin\api-ms-win-crt-multibyte-l1-1-0.dll
0x0000000018160000 - 0x0000000018170000 	C:\Program Files\Java\jdk1.8.0_172\jre\bin\api-ms-win-crt-private-l1-1-0.dll
0x0000000018170000 - 0x0000000018173000 	C:\Program Files\Java\jdk1.8.0_172\jre\bin\api-ms-win-crt-process-l1-1-0.dll
0x0000000018180000 - 0x0000000018184000 	C:\Program Files\Java\jdk1.8.0_172\jre\bin\api-ms-win-crt-runtime-l1-1-0.dll
0x0000000018190000 - 0x0000000018194000 	C:\Program Files\Java\jdk1.8.0_172\jre\bin\api-ms-win-crt-stdio-l1-1-0.dll
0x00000000181a0000 - 0x00000000181a4000 	C:\Program Files\Java\jdk1.8.0_172\jre\bin\api-ms-win-crt-string-l1-1-0.dll
0x00000000181b0000 - 0x00000000181b3000 	C:\Program Files\Java\jdk1.8.0_172\jre\bin\api-ms-win-crt-time-l1-1-0.dll
0x00000000181c0000 - 0x00000000181c3000 	C:\Program Files\Java\jdk1.8.0_172\jre\bin\api-ms-win-crt-utility-l1-1-0.dll
0x00007ffdc7000000 - 0x00007ffdc70f6000 	C:\Program Files\Java\jdk1.8.0_172\jre\bin\ucrtbase.dll
0x00007ffde26b0000 - 0x00007ffde26c6000 	C:\Program Files\Java\jdk1.8.0_172\jre\bin\vcruntime140.dll
0x00007ffdc8aa0000 - 0x00007ffdc8b3c000 	C:\Program Files\Java\jdk1.8.0_172\jre\bin\msvcp140.dll
0x00007ffdcda30000 - 0x00007ffdcda81000 	C:\Program Files\Java\jdk1.8.0_172\jre\bin\concrt140.dll
0x0000000053910000 - 0x0000000053933000 	C:\Program Files\Java\jdk1.8.0_172\jre\bin\prism_d3d.dll
0x00007ffdb8740000 - 0x00007ffdb88d7000 	C:\WINDOWS\system32\d3d9.dll
0x00007ffde59b0000 - 0x00007ffde59d9000 	C:\WINDOWS\SYSTEM32\dwmapi.dll
0x00007ffde54c0000 - 0x00007ffde5558000 	C:\WINDOWS\system32\uxtheme.dll
0x00007ffdbdf90000 - 0x00007ffdbe165000 	C:\WINDOWS\System32\DriverStore\FileRepository\igdlh64.inf_amd64_0541b698fc6e40b0\igdumdim64.dll
0x00007ffdb23b0000 - 0x00007ffdb5354000 	C:\WINDOWS\System32\DriverStore\FileRepository\igdlh64.inf_amd64_0541b698fc6e40b0\igd9dxva64.dll
0x00007ffde9bc0000 - 0x00007ffde9d11000 	C:\WINDOWS\System32\ole32.dll
0x00007ffde8b70000 - 0x00007ffde8c32000 	C:\WINDOWS\System32\OLEAUT32.dll
0x00000000538c0000 - 0x0000000053909000 	C:\Program Files\Java\jdk1.8.0_172\jre\bin\glass.dll
0x00007ffde98e0000 - 0x00007ffde99cd000 	C:\WINDOWS\System32\COMDLG32.dll
0x00007ffde9750000 - 0x00007ffde98c5000 	C:\WINDOWS\System32\MSCTF.dll
0x00007ffdd29e0000 - 0x00007ffdd4770000 	C:\WINDOWS\System32\DriverStore\FileRepository\igdlh64.inf_amd64_0541b698fc6e40b0\igc64.dll
0x00000000538a0000 - 0x00000000538b4000 	C:\Program Files\Java\jdk1.8.0_172\jre\bin\javafx_font.dll
0x00007ffdd2360000 - 0x00007ffdd267c000 	C:\WINDOWS\SYSTEM32\dwrite.dll
0x00007ffde9580000 - 0x00007ffde9620000 	C:\WINDOWS\System32\clbcatq.dll
0x00007ffde5030000 - 0x00007ffde51de000 	C:\WINDOWS\SYSTEM32\WindowsCodecs.dll
0x00007ffdcc6f0000 - 0x00007ffdcc748000 	C:\WINDOWS\system32\dataexchange.dll
0x00007ffde44c0000 - 0x00007ffde465c000 	C:\WINDOWS\system32\dcomp.dll
0x00007ffde3340000 - 0x00007ffde364b000 	C:\WINDOWS\system32\d3d11.dll
0x00007ffde6270000 - 0x00007ffde632b000 	C:\WINDOWS\system32\dxgi.dll
0x00007ffde5b40000 - 0x00007ffde5cf8000 	C:\WINDOWS\system32\twinapi.appcore.dll
0x00007ffde5a90000 - 0x00007ffde5ab1000 	C:\WINDOWS\system32\RMCLIENT.dll
0x00007ffdcd9a0000 - 0x00007ffdcd9d4000 	C:\Program Files\Common Files\Microsoft Shared\Ink\rtscom.dll
0x00007ffdd7240000 - 0x00007ffdd72d8000 	C:\WINDOWS\System32\TextInputFramework.dll
0x00007ffdd6ea0000 - 0x00007ffdd71be000 	C:\WINDOWS\System32\CoreUIComponents.dll
0x00007ffde4220000 - 0x00007ffde42fa000 	C:\WINDOWS\System32\CoreMessaging.dll
0x00007ffde66b0000 - 0x00007ffde66e1000 	C:\WINDOWS\SYSTEM32\ntmarta.dll
0x00007ffde2f50000 - 0x00007ffde309d000 	C:\WINDOWS\SYSTEM32\wintypes.dll
0x0000000052ca0000 - 0x0000000052cb2000 	C:\Program Files\Java\jdk1.8.0_172\jre\bin\prism_common.dll
0x0000000054770000 - 0x000000005478a000 	C:\Program Files\Java\jdk1.8.0_172\jre\bin\net.dll
0x00007ffde6db0000 - 0x00007ffde6e16000 	C:\WINDOWS\system32\mswsock.dll
0x00007ffde6b70000 - 0x00007ffde6c2e000 	C:\WINDOWS\SYSTEM32\DNSAPI.dll
0x00007ffde9d20000 - 0x00007ffde9d28000 	C:\WINDOWS\System32\NSI.dll
0x00007ffde6b30000 - 0x00007ffde6b68000 	C:\WINDOWS\SYSTEM32\IPHLPAPI.DLL
0x00007ffdde6f0000 - 0x00007ffdde6fa000 	C:\Windows\System32\rasadhlp.dll
0x00007ffdde950000 - 0x00007ffdde9c2000 	C:\WINDOWS\System32\fwpuclnt.dll
0x00007ffde7090000 - 0x00007ffde70b5000 	C:\WINDOWS\SYSTEM32\bcrypt.dll

VM Arguments:
jvm_args: -Dfile.encoding=UTF-8 
java_command: C:\Users\wande\Documents\NetBeansProjects\fx1\dist\run449408528\fx1.jar
java_class_path (initial): C:\Users\wande\Documents\NetBeansProjects\fx1\dist\run449408528\fx1.jar
Launcher Type: SUN_STANDARD

Environment Variables:
PATH=C:\Program Files (x86)\Python36-32\Scripts\;C:\Program Files (x86)\Python36-32\;C:\Program Files (x86)\Common Files\Oracle\Java\javapath;C:\Windows\system32;C:\Windows;C:\Windows\System32\Wbem;C:\Windows\System32\WindowsPowerShell\v1.0\;C:\Program Files\Git\cmd;C:\Users\wande\AppData\Local\Microsoft\WindowsApps;C:\Program Files\Microsoft VS Code\bin;C:\adb;C:\WINDOWS\system32;C:\WINDOWS;C:\WINDOWS\System32\Wbem;C:\WINDOWS\System32\WindowsPowerShell\v1.0\;C:\WINDOWS\System32\OpenSSH\;C:\Program Files (x86)\Inno Setup 5;C:\Ruby24-x64\bin;C:\Users\wande\AppData\Local\Microsoft\WindowsApps;C:\Program Files\Microsoft VS Code\bin;D:\Program Files (x86)\EasyPHP-Devserver-17\eds-binaries\dbserver\mysql5717x86x180413072216\bin;C:\Program Files (x86)\Inno Setup 5
USERNAME=wande
OS=Windows_NT
PROCESSOR_IDENTIFIER=Intel64 Family 6 Model 92 Stepping 9, GenuineIntel



---------------  S Y S T E M  ---------------

OS: Windows 10.0 , 64 bit Build 17134 (10.0.17134.1)

CPU:total 4 (initial active 4) (4 cores per cpu, 1 threads per core) family 6 model 92 stepping 9, cmov, cx8, fxsr, mmx, sse, sse2, sse3, ssse3, sse4.1, sse4.2, popcnt, aes, clmul, erms, 3dnowpref, tsc, tscinvbit

Memory: 4k page, physical 6136820k(1386004k free), swap 10051308k(5660k free)

vm_info: Java HotSpot(TM) 64-Bit Server VM (25.172-b11) for windows-amd64 JRE (1.8.0_172-b11), built on Mar 28 2018 21:21:52 by "java_re" with MS VC++ 10.0 (VS2010)

time: Thu Jun 14 16:12:04 2018
elapsed time: 13 seconds (0d 0h 0m 13s)

