#
# There is insufficient memory for the Java Runtime Environment to continue.
# Native memory allocation (malloc) failed to allocate 366096 bytes for Chunk::new
# Possible reasons:
#   The system is out of physical RAM or swap space
#   In 32 bit mode, the process size limit was hit
# Possible solutions:
#   Reduce memory load on the system
#   Increase physical memory or swap space
#   Check if swap backing store is full
#   Use 64 bit Java on a 64 bit OS
#   Decrease Java heap size (-Xmx/-Xms)
#   Decrease number of Java threads
#   Decrease Java thread stack sizes (-Xss)
#   Set larger code cache with -XX:ReservedCodeCacheSize=
# This output file may be truncated or incomplete.
#
#  Out of Memory Error (allocation.cpp:390), pid=2920, tid=0x0000000000001b48
#
# JRE version: Java(TM) SE Runtime Environment (8.0_172-b11) (build 1.8.0_172-b11)
# Java VM: Java HotSpot(TM) 64-Bit Server VM (25.172-b11 mixed mode windows-amd64 compressed oops)
# Failed to write core dump. Minidumps are not enabled by default on client versions of Windows
#

---------------  T H R E A D  ---------------

Current thread (0x00000000164dd800):  JavaThread "C2 CompilerThread0" daemon [_thread_in_native, id=6984, stack(0x0000000017b20000,0x0000000017c20000)]

Stack: [0x0000000017b20000,0x0000000017c20000]
[error occurred during error reporting (printing stack bounds), id 0xc0000005]

Native frames: (J=compiled Java code, j=interpreted, Vv=VM code, C=native code)


Current CompileTask:
C2:   4704 1683       4       java.lang.Class::getMethod0 (40 bytes)


---------------  P R O C E S S  ---------------

Java Threads: ( => current thread )
  0x00000000223b1000 JavaThread "Abandoned connection cleanup thread" daemon [_thread_blocked, id=5548, stack(0x0000000024b50000,0x0000000024c50000)]
  0x00000000223ae000 JavaThread "Prism Font Disposer" daemon [_thread_blocked, id=10584, stack(0x0000000023750000,0x0000000023850000)]
  0x00000000186cc000 JavaThread "Thread-3" daemon [_thread_in_native, id=10988, stack(0x00000000207c0000,0x00000000208c0000)]
  0x00000000186cb000 JavaThread "JavaFX-Launcher" [_thread_blocked, id=9328, stack(0x00000000208c0000,0x00000000209c0000)]
  0x000000001868b000 JavaThread "JavaFX Application Thread" [_thread_in_Java, id=9872, stack(0x0000000019ad0000,0x0000000019bd0000)]
  0x0000000018686800 JavaThread "Thread-1" daemon [_thread_blocked, id=3464, stack(0x00000000199d0000,0x0000000019ad0000)]
  0x000000001821e800 JavaThread "QuantumRenderer-0" daemon [_thread_blocked, id=9104, stack(0x0000000018e10000,0x0000000018f10000)]
  0x0000000017e50800 JavaThread "Service Thread" daemon [_thread_blocked, id=10880, stack(0x0000000018220000,0x0000000018320000)]
  0x00000000164e6800 JavaThread "C1 CompilerThread2" daemon [_thread_blocked, id=5220, stack(0x0000000017d20000,0x0000000017e20000)]
  0x00000000164e1800 JavaThread "C2 CompilerThread1" daemon [_thread_in_native, id=4116, stack(0x0000000017c20000,0x0000000017d20000)]
=>0x00000000164dd800 JavaThread "C2 CompilerThread0" daemon [_thread_in_native, id=6984, stack(0x0000000017b20000,0x0000000017c20000)]
  0x00000000164dc000 JavaThread "Attach Listener" daemon [_thread_blocked, id=9224, stack(0x0000000017a20000,0x0000000017b20000)]
  0x00000000164db000 JavaThread "Signal Dispatcher" daemon [_thread_blocked, id=11096, stack(0x0000000017920000,0x0000000017a20000)]
  0x00000000164ca800 JavaThread "Finalizer" daemon [_thread_blocked, id=7864, stack(0x0000000017730000,0x0000000017830000)]
  0x0000000002cb4000 JavaThread "Reference Handler" daemon [_thread_blocked, id=9148, stack(0x0000000017630000,0x0000000017730000)]
  0x0000000002bbe800 JavaThread "main" [_thread_blocked, id=9564, stack(0x0000000002a70000,0x0000000002b70000)]

Other Threads:
  0x00000000164a7800 VMThread [stack: 0x0000000017530000,0x0000000017630000] [id=7548]
  0x00000000164fe000 WatcherThread [stack: 0x0000000018320000,0x0000000018420000] [id=7684]

VM state:not at safepoint (normal execution)

VM Mutex/Monitor currently owned by a thread: None

Heap:
 PSYoungGen      total 28160K, used 7770K [0x00000000e0c00000, 0x00000000e2b00000, 0x0000000100000000)
  eden space 24576K, 17% used [0x00000000e0c00000,0x00000000e101e848,0x00000000e2400000)
  from space 3584K, 99% used [0x00000000e2780000,0x00000000e2af8050,0x00000000e2b00000)
  to   space 3584K, 0% used [0x00000000e2400000,0x00000000e2400000,0x00000000e2780000)
 ParOldGen       total 64512K, used 7728K [0x00000000a2400000, 0x00000000a6300000, 0x00000000e0c00000)
  object space 64512K, 11% used [0x00000000a2400000,0x00000000a2b8c3e8,0x00000000a6300000)
 Metaspace       used 19920K, capacity 20698K, committed 20736K, reserved 1067008K
  class space    used 2828K, capacity 3043K, committed 3072K, reserved 1048576K

Card table byte_map: [0x0000000012080000,0x0000000012370000] byte_map_base: 0x0000000011b6e000

Marking Bits: (ParMarkBitMap*) 0x00000000544e3c10
 Begin Bits: [0x0000000012970000, 0x00000000140e0000)
 End Bits:   [0x00000000140e0000, 0x0000000015850000)

Polling page: 0x00000000029b0000

CodeCache: size=245760Kb used=5782Kb max_used=5782Kb free=239977Kb
 bounds [0x0000000002cc0000, 0x0000000003270000, 0x0000000011cc0000]
 total_blobs=2423 nmethods=1712 adapters=624
 compilation: enabled

Compilation events (10 events):
Event: 4.693 Thread 0x00000000164e6800 1715       3       sun.misc.SharedSecrets::getJavaLangAccess (4 bytes)
Event: 4.694 Thread 0x00000000164e6800 nmethod 1715 0x0000000003265910 code [0x0000000003265a60, 0x0000000003265b90]
Event: 4.694 Thread 0x00000000164e6800 1712       3       java.util.LinkedHashMap$LinkedHashIterator::hasNext (13 bytes)
Event: 4.694 Thread 0x00000000164e6800 nmethod 1712 0x0000000003265c10 code [0x0000000003265d60, 0x0000000003265f10]
Event: 4.694 Thread 0x00000000164e6800 1714       3       sun.reflect.misc.Trampoline::ensureInvocableMethod (53 bytes)
Event: 4.695 Thread 0x00000000164e6800 nmethod 1714 0x0000000003265f90 code [0x0000000003266160, 0x0000000003266af8]
Event: 4.695 Thread 0x00000000164e6800 1716       3       com.sun.org.apache.xerces.internal.impl.XMLScanner::isValidNameStartChar (5 bytes)
Event: 4.696 Thread 0x00000000164e6800 nmethod 1716 0x0000000003266e10 code [0x0000000003266f80, 0x00000000032671f0]
Event: 4.696 Thread 0x00000000164e6800 1713       1       com.sun.javafx.fxml.builder.ProxyBuilder$AnnotationValue::getName (5 bytes)
Event: 4.696 Thread 0x00000000164e6800 nmethod 1713 0x0000000003267310 code [0x0000000003267460, 0x0000000003267570]

GC Heap History (4 events):
Event: 1.838 GC heap before
{Heap before GC invocations=1 (full 0):
 PSYoungGen      total 28160K, used 24576K [0x00000000e0c00000, 0x00000000e2b00000, 0x0000000100000000)
  eden space 24576K, 100% used [0x00000000e0c00000,0x00000000e2400000,0x00000000e2400000)
  from space 3584K, 0% used [0x00000000e2780000,0x00000000e2780000,0x00000000e2b00000)
  to   space 3584K, 0% used [0x00000000e2400000,0x00000000e2400000,0x00000000e2780000)
 ParOldGen       total 64512K, used 0K [0x00000000a2400000, 0x00000000a6300000, 0x00000000e0c00000)
  object space 64512K, 0% used [0x00000000a2400000,0x00000000a2400000,0x00000000a6300000)
 Metaspace       used 12036K, capacity 12422K, committed 12544K, reserved 1060864K
  class space    used 1611K, capacity 1735K, committed 1792K, reserved 1048576K
Event: 1.847 GC heap after
Heap after GC invocations=1 (full 0):
 PSYoungGen      total 28160K, used 3568K [0x00000000e0c00000, 0x00000000e2b00000, 0x0000000100000000)
  eden space 24576K, 0% used [0x00000000e0c00000,0x00000000e0c00000,0x00000000e2400000)
  from space 3584K, 99% used [0x00000000e2400000,0x00000000e277c050,0x00000000e2780000)
  to   space 3584K, 0% used [0x00000000e2780000,0x00000000e2780000,0x00000000e2b00000)
 ParOldGen       total 64512K, used 216K [0x00000000a2400000, 0x00000000a6300000, 0x00000000e0c00000)
  object space 64512K, 0% used [0x00000000a2400000,0x00000000a2436008,0x00000000a6300000)
 Metaspace       used 12036K, capacity 12422K, committed 12544K, reserved 1060864K
  class space    used 1611K, capacity 1735K, committed 1792K, reserved 1048576K
}
Event: 4.583 GC heap before
{Heap before GC invocations=2 (full 0):
 PSYoungGen      total 28160K, used 28144K [0x00000000e0c00000, 0x00000000e2b00000, 0x0000000100000000)
  eden space 24576K, 100% used [0x00000000e0c00000,0x00000000e2400000,0x00000000e2400000)
  from space 3584K, 99% used [0x00000000e2400000,0x00000000e277c050,0x00000000e2780000)
  to   space 3584K, 0% used [0x00000000e2780000,0x00000000e2780000,0x00000000e2b00000)
 ParOldGen       total 64512K, used 216K [0x00000000a2400000, 0x00000000a6300000, 0x00000000e0c00000)
  object space 64512K, 0% used [0x00000000a2400000,0x00000000a2436008,0x00000000a6300000)
 Metaspace       used 19784K, capacity 20496K, committed 20736K, reserved 1067008K
  class space    used 2810K, capacity 3004K, committed 3072K, reserved 1048576K
Event: 4.603 GC heap after
Heap after GC invocations=2 (full 0):
 PSYoungGen      total 28160K, used 3552K [0x00000000e0c00000, 0x00000000e2b00000, 0x0000000100000000)
  eden space 24576K, 0% used [0x00000000e0c00000,0x00000000e0c00000,0x00000000e2400000)
  from space 3584K, 99% used [0x00000000e2780000,0x00000000e2af8050,0x00000000e2b00000)
  to   space 3584K, 0% used [0x00000000e2400000,0x00000000e2400000,0x00000000e2780000)
 ParOldGen       total 64512K, used 7728K [0x00000000a2400000, 0x00000000a6300000, 0x00000000e0c00000)
  object space 64512K, 11% used [0x00000000a2400000,0x00000000a2b8c3e8,0x00000000a6300000)
 Metaspace       used 19784K, capacity 20496K, committed 20736K, reserved 1067008K
  class space    used 2810K, capacity 3004K, committed 3072K, reserved 1048576K
}

Deoptimization events (10 events):
Event: 2.707 Thread 0x000000001868b000 Uncommon trap: reason=unstable_if action=reinterpret pc=0x0000000002fbe568 method=sun.net.www.ParseUtil.encodePath(Ljava/lang/String;Z)Ljava/lang/String; @ 109
Event: 3.029 Thread 0x00000000223b1000 Uncommon trap: reason=unstable_if action=reinterpret pc=0x000000000307a170 method=java.util.zip.ZipCoder.getBytes(Ljava/lang/String;)[B @ 32
Event: 3.033 Thread 0x000000001868b000 Uncommon trap: reason=unstable_if action=reinterpret pc=0x0000000002f19948 method=java.lang.AbstractStringBuilder.append(Ljava/lang/String;)Ljava/lang/AbstractStringBuilder; @ 1
Event: 3.045 Thread 0x000000001868b000 Uncommon trap: reason=unstable_if action=reinterpret pc=0x0000000002f6ee84 method=sun.nio.cs.UTF_8$Decoder.decode([BII[C)I @ 30
Event: 3.659 Thread 0x000000001868b000 Uncommon trap: reason=unstable_if action=reinterpret pc=0x00000000030c3668 method=jdk.internal.org.objectweb.asm.Type.getArgumentsAndReturnSizes(Ljava/lang/String;)I @ 47
Event: 4.495 Thread 0x000000001868b000 Uncommon trap: reason=unstable_if action=reinterpret pc=0x0000000002fb2728 method=java.lang.ref.SoftReference.get()Ljava/lang/Object; @ 17
Event: 4.496 Thread 0x000000001868b000 Uncommon trap: reason=unstable_if action=reinterpret pc=0x0000000002fc7254 method=java.lang.ref.SoftReference.get()Ljava/lang/Object; @ 17
Event: 4.507 Thread 0x000000001868b000 Uncommon trap: reason=unstable_if action=reinterpret pc=0x0000000002fc9874 method=java.lang.ref.SoftReference.get()Ljava/lang/Object; @ 17
Event: 4.517 Thread 0x000000001868b000 Uncommon trap: reason=unstable_if action=reinterpret pc=0x0000000003022bd4 method=java.lang.ref.SoftReference.get()Ljava/lang/Object; @ 17
Event: 4.517 Thread 0x000000001868b000 Uncommon trap: reason=unstable_if action=reinterpret pc=0x0000000003033f54 method=java.lang.ref.SoftReference.get()Ljava/lang/Object; @ 17

Classes redefined (0 events):
No events

Internal exceptions (10 events):
Event: 1.100 Thread 0x000000001868b000 Exception <a 'java/lang/NullPointerException'> (0x00000000e1871aa0) thrown at [C:\re\workspace\8-2-build-windows-amd64-cygwin\jdk8u172\10810\hotspot\src\share\vm\prims\jvm.cpp, line 1439]
Event: 1.192 Thread 0x000000001868b000 Exception <a 'java/lang/ArrayIndexOutOfBoundsException': 78> (0x00000000e19c31b8) thrown at [C:\re\workspace\8-2-build-windows-amd64-cygwin\jdk8u172\10810\hotspot\src\share\vm\interpreter\interpreterRuntime.cpp, line 366]
Event: 1.194 Thread 0x000000001868b000 Exception <a 'java/lang/ArrayIndexOutOfBoundsException': 18> (0x00000000e19c4090) thrown at [C:\re\workspace\8-2-build-windows-amd64-cygwin\jdk8u172\10810\hotspot\src\share\vm\interpreter\interpreterRuntime.cpp, line 366]
Event: 1.194 Thread 0x000000001868b000 Exception <a 'java/lang/ArrayIndexOutOfBoundsException': 86> (0x00000000e19c5438) thrown at [C:\re\workspace\8-2-build-windows-amd64-cygwin\jdk8u172\10810\hotspot\src\share\vm\interpreter\interpreterRuntime.cpp, line 366]
Event: 1.213 Thread 0x000000001868b000 Exception <a 'java/lang/ArrayIndexOutOfBoundsException'> (0x00000000e19e9098) thrown at [C:\re\workspace\8-2-build-windows-amd64-cygwin\jdk8u172\10810\hotspot\src\share\vm\runtime\sharedRuntime.cpp, line 605]
Event: 1.589 Thread 0x000000001868b000 Exception <a 'java/lang/ArrayIndexOutOfBoundsException'> (0x00000000e1f44f20) thrown at [C:\re\workspace\8-2-build-windows-amd64-cygwin\jdk8u172\10810\hotspot\src\share\vm\runtime\sharedRuntime.cpp, line 605]
Event: 1.589 Thread 0x000000001868b000 Exception <a 'java/lang/ArrayIndexOutOfBoundsException'> (0x00000000e1f46310) thrown at [C:\re\workspace\8-2-build-windows-amd64-cygwin\jdk8u172\10810\hotspot\src\share\vm\runtime\sharedRuntime.cpp, line 605]
Event: 1.610 Thread 0x000000001868b000 Exception <a 'java/lang/ArrayIndexOutOfBoundsException'> (0x00000000e1fc8ad0) thrown at [C:\re\workspace\8-2-build-windows-amd64-cygwin\jdk8u172\10810\hotspot\src\share\vm\runtime\sharedRuntime.cpp, line 605]
Event: 1.972 Thread 0x000000001868b000 Implicit null exception at 0x0000000002f677b5 to 0x0000000002f6798d
Event: 3.033 Thread 0x000000001868b000 Implicit null exception at 0x0000000002f19596 to 0x0000000002f19931

Events (10 events):
Event: 4.696 loading class javafx/scene/control/ComboBoxBase$3
Event: 4.696 loading class javafx/scene/control/ComboBoxBase$3 done
Event: 4.697 loading class javafx/scene/control/ComboBoxBase$4
Event: 4.697 loading class javafx/scene/control/ComboBoxBase$4 done
Event: 4.697 loading class javafx/scene/control/ComboBoxBase$5
Event: 4.697 loading class javafx/scene/control/ComboBoxBase$5 done
Event: 4.698 loading class javafx/scene/control/ComboBoxBase$6
Event: 4.698 loading class javafx/scene/control/ComboBoxBase$6 done
Event: 4.698 loading class javafx/scene/control/ComboBoxBase$7
Event: 4.698 loading class javafx/scene/control/ComboBoxBase$7 done


Dynamic libraries:
0x00007ff68f8b0000 - 0x00007ff68f8e7000 	C:\Program Files\Java\jdk1.8.0_172\jre\bin\java.exe
0x00007ffdeb280000 - 0x00007ffdeb461000 	C:\WINDOWS\SYSTEM32\ntdll.dll
0x00007ffde9690000 - 0x00007ffde9742000 	C:\WINDOWS\System32\KERNEL32.DLL
0x00007ffde8360000 - 0x00007ffde85d3000 	C:\WINDOWS\System32\KERNELBASE.dll
0x00007ffde9b10000 - 0x00007ffde9bb1000 	C:\WINDOWS\System32\ADVAPI32.dll
0x00007ffde8ad0000 - 0x00007ffde8b6e000 	C:\WINDOWS\System32\msvcrt.dll
0x00007ffde8710000 - 0x00007ffde876b000 	C:\WINDOWS\System32\sechost.dll
0x00007ffde9440000 - 0x00007ffde9564000 	C:\WINDOWS\System32\RPCRT4.dll
0x00007ffde8770000 - 0x00007ffde8900000 	C:\WINDOWS\System32\USER32.dll
0x00007ffde86f0000 - 0x00007ffde8710000 	C:\WINDOWS\System32\win32u.dll
0x00007ffde9ae0000 - 0x00007ffde9b08000 	C:\WINDOWS\System32\GDI32.dll
0x00007ffde7e80000 - 0x00007ffde8012000 	C:\WINDOWS\System32\gdi32full.dll
0x00007ffde76d0000 - 0x00007ffde776f000 	C:\WINDOWS\System32\msvcp_win.dll
0x00007ffde8020000 - 0x00007ffde811a000 	C:\WINDOWS\System32\ucrtbase.dll
0x00007ffddc8d0000 - 0x00007ffddcb39000 	C:\WINDOWS\WinSxS\amd64_microsoft.windows.common-controls_6595b64144ccf1df_6.0.17134.112_none_fb3f961b30681c12\COMCTL32.dll
0x00007ffde9110000 - 0x00007ffde9433000 	C:\WINDOWS\System32\combase.dll
0x00007ffde7650000 - 0x00007ffde76ca000 	C:\WINDOWS\System32\bcryptPrimitives.dll
0x00007ffde8900000 - 0x00007ffde892d000 	C:\WINDOWS\System32\IMM32.DLL
0x0000000053be0000 - 0x0000000053cb2000 	C:\Program Files\Java\jdk1.8.0_172\jre\bin\msvcr100.dll
0x0000000053cc0000 - 0x0000000054563000 	C:\Program Files\Java\jdk1.8.0_172\jre\bin\server\jvm.dll
0x00007ffde98d0000 - 0x00007ffde98d8000 	C:\WINDOWS\System32\PSAPI.DLL
0x00007ffddce40000 - 0x00007ffddce49000 	C:\WINDOWS\SYSTEM32\WSOCK32.dll
0x00007ffdd7870000 - 0x00007ffdd7893000 	C:\WINDOWS\SYSTEM32\WINMM.dll
0x00007ffddc0a0000 - 0x00007ffddc0aa000 	C:\WINDOWS\SYSTEM32\VERSION.dll
0x00007ffde9620000 - 0x00007ffde968c000 	C:\WINDOWS\System32\WS2_32.dll
0x00007ffdd7840000 - 0x00007ffdd786a000 	C:\WINDOWS\SYSTEM32\winmmbase.dll
0x00007ffde8310000 - 0x00007ffde8359000 	C:\WINDOWS\System32\cfgmgr32.dll
0x0000000054810000 - 0x000000005481f000 	C:\Program Files\Java\jdk1.8.0_172\jre\bin\verify.dll
0x00000000547e0000 - 0x0000000054809000 	C:\Program Files\Java\jdk1.8.0_172\jre\bin\java.dll
0x00000000547c0000 - 0x00000000547d6000 	C:\Program Files\Java\jdk1.8.0_172\jre\bin\zip.dll
0x00007ffde9db0000 - 0x00007ffdeb1f0000 	C:\WINDOWS\System32\SHELL32.dll
0x00007ffde99d0000 - 0x00007ffde9a79000 	C:\WINDOWS\System32\shcore.dll
0x00007ffde7770000 - 0x00007ffde7e7d000 	C:\WINDOWS\System32\windows.storage.dll
0x00007ffde9a80000 - 0x00007ffde9ad1000 	C:\WINDOWS\System32\shlwapi.dll
0x00007ffde7630000 - 0x00007ffde7641000 	C:\WINDOWS\System32\kernel.appcore.dll
0x00007ffde75f0000 - 0x00007ffde760f000 	C:\WINDOWS\System32\profapi.dll
0x00007ffde75a0000 - 0x00007ffde75ec000 	C:\WINDOWS\System32\powrprof.dll
0x00007ffde7590000 - 0x00007ffde759a000 	C:\WINDOWS\System32\FLTLIB.DLL
0x0000000002a10000 - 0x0000000002a13000 	C:\Program Files\Java\jdk1.8.0_172\jre\bin\api-ms-win-core-console-l1-1-0.dll
0x0000000002a20000 - 0x0000000002a23000 	C:\Program Files\Java\jdk1.8.0_172\jre\bin\api-ms-win-core-datetime-l1-1-0.dll
0x0000000002a30000 - 0x0000000002a33000 	C:\Program Files\Java\jdk1.8.0_172\jre\bin\api-ms-win-core-debug-l1-1-0.dll
0x0000000002a40000 - 0x0000000002a43000 	C:\Program Files\Java\jdk1.8.0_172\jre\bin\api-ms-win-core-errorhandling-l1-1-0.dll
0x0000000002a50000 - 0x0000000002a54000 	C:\Program Files\Java\jdk1.8.0_172\jre\bin\api-ms-win-core-file-l1-1-0.dll
0x0000000002b70000 - 0x0000000002b73000 	C:\Program Files\Java\jdk1.8.0_172\jre\bin\api-ms-win-core-file-l1-2-0.dll
0x0000000002b80000 - 0x0000000002b83000 	C:\Program Files\Java\jdk1.8.0_172\jre\bin\api-ms-win-core-file-l2-1-0.dll
0x0000000002b90000 - 0x0000000002b93000 	C:\Program Files\Java\jdk1.8.0_172\jre\bin\api-ms-win-core-handle-l1-1-0.dll
0x0000000002ba0000 - 0x0000000002ba3000 	C:\Program Files\Java\jdk1.8.0_172\jre\bin\api-ms-win-core-heap-l1-1-0.dll
0x0000000018420000 - 0x0000000018423000 	C:\Program Files\Java\jdk1.8.0_172\jre\bin\api-ms-win-core-interlocked-l1-1-0.dll
0x0000000018430000 - 0x0000000018433000 	C:\Program Files\Java\jdk1.8.0_172\jre\bin\api-ms-win-core-libraryloader-l1-1-0.dll
0x0000000018440000 - 0x0000000018443000 	C:\Program Files\Java\jdk1.8.0_172\jre\bin\api-ms-win-core-localization-l1-2-0.dll
0x0000000018450000 - 0x0000000018453000 	C:\Program Files\Java\jdk1.8.0_172\jre\bin\api-ms-win-core-memory-l1-1-0.dll
0x0000000018460000 - 0x0000000018463000 	C:\Program Files\Java\jdk1.8.0_172\jre\bin\api-ms-win-core-namedpipe-l1-1-0.dll
0x0000000018470000 - 0x0000000018473000 	C:\Program Files\Java\jdk1.8.0_172\jre\bin\api-ms-win-core-processenvironment-l1-1-0.dll
0x0000000018480000 - 0x0000000018483000 	C:\Program Files\Java\jdk1.8.0_172\jre\bin\api-ms-win-core-processthreads-l1-1-0.dll
0x0000000018490000 - 0x0000000018493000 	C:\Program Files\Java\jdk1.8.0_172\jre\bin\api-ms-win-core-processthreads-l1-1-1.dll
0x00000000184a0000 - 0x00000000184a3000 	C:\Program Files\Java\jdk1.8.0_172\jre\bin\api-ms-win-core-profile-l1-1-0.dll
0x00000000184b0000 - 0x00000000184b3000 	C:\Program Files\Java\jdk1.8.0_172\jre\bin\api-ms-win-core-rtlsupport-l1-1-0.dll
0x00000000184c0000 - 0x00000000184c3000 	C:\Program Files\Java\jdk1.8.0_172\jre\bin\api-ms-win-core-string-l1-1-0.dll
0x00000000184d0000 - 0x00000000184d3000 	C:\Program Files\Java\jdk1.8.0_172\jre\bin\api-ms-win-core-synch-l1-1-0.dll
0x00000000184e0000 - 0x00000000184e3000 	C:\Program Files\Java\jdk1.8.0_172\jre\bin\api-ms-win-core-synch-l1-2-0.dll
0x00000000184f0000 - 0x00000000184f3000 	C:\Program Files\Java\jdk1.8.0_172\jre\bin\api-ms-win-core-sysinfo-l1-1-0.dll
0x0000000018500000 - 0x0000000018503000 	C:\Program Files\Java\jdk1.8.0_172\jre\bin\api-ms-win-core-timezone-l1-1-0.dll
0x0000000018510000 - 0x0000000018513000 	C:\Program Files\Java\jdk1.8.0_172\jre\bin\api-ms-win-core-util-l1-1-0.dll
0x0000000018520000 - 0x0000000018523000 	C:\Program Files\Java\jdk1.8.0_172\jre\bin\api-ms-win-crt-conio-l1-1-0.dll
0x0000000018530000 - 0x0000000018534000 	C:\Program Files\Java\jdk1.8.0_172\jre\bin\api-ms-win-crt-convert-l1-1-0.dll
0x0000000018540000 - 0x0000000018543000 	C:\Program Files\Java\jdk1.8.0_172\jre\bin\api-ms-win-crt-environment-l1-1-0.dll
0x0000000018550000 - 0x0000000018553000 	C:\Program Files\Java\jdk1.8.0_172\jre\bin\api-ms-win-crt-filesystem-l1-1-0.dll
0x0000000018560000 - 0x0000000018563000 	C:\Program Files\Java\jdk1.8.0_172\jre\bin\api-ms-win-crt-heap-l1-1-0.dll
0x0000000018570000 - 0x0000000018573000 	C:\Program Files\Java\jdk1.8.0_172\jre\bin\api-ms-win-crt-locale-l1-1-0.dll
0x0000000018580000 - 0x0000000018585000 	C:\Program Files\Java\jdk1.8.0_172\jre\bin\api-ms-win-crt-math-l1-1-0.dll
0x0000000018590000 - 0x0000000018595000 	C:\Program Files\Java\jdk1.8.0_172\jre\bin\api-ms-win-crt-multibyte-l1-1-0.dll
0x00000000185a0000 - 0x00000000185b0000 	C:\Program Files\Java\jdk1.8.0_172\jre\bin\api-ms-win-crt-private-l1-1-0.dll
0x00000000185b0000 - 0x00000000185b3000 	C:\Program Files\Java\jdk1.8.0_172\jre\bin\api-ms-win-crt-process-l1-1-0.dll
0x00000000185c0000 - 0x00000000185c4000 	C:\Program Files\Java\jdk1.8.0_172\jre\bin\api-ms-win-crt-runtime-l1-1-0.dll
0x00000000185d0000 - 0x00000000185d4000 	C:\Program Files\Java\jdk1.8.0_172\jre\bin\api-ms-win-crt-stdio-l1-1-0.dll
0x00000000185e0000 - 0x00000000185e4000 	C:\Program Files\Java\jdk1.8.0_172\jre\bin\api-ms-win-crt-string-l1-1-0.dll
0x00000000185f0000 - 0x00000000185f3000 	C:\Program Files\Java\jdk1.8.0_172\jre\bin\api-ms-win-crt-time-l1-1-0.dll
0x0000000018600000 - 0x0000000018603000 	C:\Program Files\Java\jdk1.8.0_172\jre\bin\api-ms-win-crt-utility-l1-1-0.dll
0x00007ffdbd860000 - 0x00007ffdbd956000 	C:\Program Files\Java\jdk1.8.0_172\jre\bin\ucrtbase.dll
0x00007ffde08a0000 - 0x00007ffde08b6000 	C:\Program Files\Java\jdk1.8.0_172\jre\bin\vcruntime140.dll
0x00007ffdbce40000 - 0x00007ffdbcedc000 	C:\Program Files\Java\jdk1.8.0_172\jre\bin\msvcp140.dll
0x00007ffdcd980000 - 0x00007ffdcd9d1000 	C:\Program Files\Java\jdk1.8.0_172\jre\bin\concrt140.dll
0x0000000052e00000 - 0x0000000052e23000 	C:\Program Files\Java\jdk1.8.0_172\jre\bin\prism_d3d.dll
0x00007ffdb8740000 - 0x00007ffdb88d7000 	C:\WINDOWS\system32\d3d9.dll
0x00007ffde59b0000 - 0x00007ffde59d9000 	C:\WINDOWS\SYSTEM32\dwmapi.dll
0x00007ffde54c0000 - 0x00007ffde5558000 	C:\WINDOWS\system32\uxtheme.dll
0x00007ffdc1ae0000 - 0x00007ffdc1cb5000 	C:\WINDOWS\System32\DriverStore\FileRepository\igdlh64.inf_amd64_0541b698fc6e40b0\igdumdim64.dll
0x00007ffdb23b0000 - 0x00007ffdb5354000 	C:\WINDOWS\System32\DriverStore\FileRepository\igdlh64.inf_amd64_0541b698fc6e40b0\igd9dxva64.dll
0x00007ffde9bc0000 - 0x00007ffde9d11000 	C:\WINDOWS\System32\ole32.dll
0x00007ffde8b70000 - 0x00007ffde8c32000 	C:\WINDOWS\System32\OLEAUT32.dll
0x0000000052db0000 - 0x0000000052df9000 	C:\Program Files\Java\jdk1.8.0_172\jre\bin\glass.dll
0x00007ffde98e0000 - 0x00007ffde99cd000 	C:\WINDOWS\System32\COMDLG32.dll
0x00007ffde9750000 - 0x00007ffde98c5000 	C:\WINDOWS\System32\MSCTF.dll
0x00007ffdd29e0000 - 0x00007ffdd4770000 	C:\WINDOWS\System32\DriverStore\FileRepository\igdlh64.inf_amd64_0541b698fc6e40b0\igc64.dll
0x0000000052d90000 - 0x0000000052da4000 	C:\Program Files\Java\jdk1.8.0_172\jre\bin\javafx_font.dll
0x00007ffdd2360000 - 0x00007ffdd267c000 	C:\WINDOWS\SYSTEM32\dwrite.dll
0x00007ffde9580000 - 0x00007ffde9620000 	C:\WINDOWS\System32\clbcatq.dll
0x00007ffde5030000 - 0x00007ffde51de000 	C:\WINDOWS\SYSTEM32\WindowsCodecs.dll
0x00007ffdcc6f0000 - 0x00007ffdcc748000 	C:\WINDOWS\system32\dataexchange.dll
0x00007ffde44c0000 - 0x00007ffde465c000 	C:\WINDOWS\system32\dcomp.dll
0x00007ffde3340000 - 0x00007ffde364b000 	C:\WINDOWS\system32\d3d11.dll
0x00007ffde6270000 - 0x00007ffde632b000 	C:\WINDOWS\system32\dxgi.dll
0x00007ffde5b40000 - 0x00007ffde5cf8000 	C:\WINDOWS\system32\twinapi.appcore.dll
0x00007ffde5a90000 - 0x00007ffde5ab1000 	C:\WINDOWS\system32\RMCLIENT.dll
0x00007ffde2640000 - 0x00007ffde2674000 	C:\Program Files\Common Files\Microsoft Shared\Ink\rtscom.dll
0x00007ffdd7240000 - 0x00007ffdd72d8000 	C:\WINDOWS\System32\TextInputFramework.dll
0x00007ffdd6ea0000 - 0x00007ffdd71be000 	C:\WINDOWS\System32\CoreUIComponents.dll
0x00007ffde4220000 - 0x00007ffde42fa000 	C:\WINDOWS\System32\CoreMessaging.dll
0x00007ffde66b0000 - 0x00007ffde66e1000 	C:\WINDOWS\SYSTEM32\ntmarta.dll
0x00007ffde2f50000 - 0x00007ffde309d000 	C:\WINDOWS\SYSTEM32\wintypes.dll
0x0000000052d70000 - 0x0000000052d82000 	C:\Program Files\Java\jdk1.8.0_172\jre\bin\prism_common.dll
0x0000000054770000 - 0x000000005478a000 	C:\Program Files\Java\jdk1.8.0_172\jre\bin\net.dll
0x00007ffde6db0000 - 0x00007ffde6e16000 	C:\WINDOWS\system32\mswsock.dll
0x00007ffde6b70000 - 0x00007ffde6c2e000 	C:\WINDOWS\SYSTEM32\DNSAPI.dll
0x00007ffde9d20000 - 0x00007ffde9d28000 	C:\WINDOWS\System32\NSI.dll
0x00007ffde6b30000 - 0x00007ffde6b68000 	C:\WINDOWS\SYSTEM32\IPHLPAPI.DLL
0x00007ffdde6f0000 - 0x00007ffdde6fa000 	C:\Windows\System32\rasadhlp.dll
0x00007ffdde950000 - 0x00007ffdde9c2000 	C:\WINDOWS\System32\fwpuclnt.dll
0x00007ffde7090000 - 0x00007ffde70b5000 	C:\WINDOWS\SYSTEM32\bcrypt.dll

VM Arguments:
jvm_args: -Dfile.encoding=UTF-8 
java_command: C:\Users\wande\Documents\NetBeansProjects\fx1\dist\run1709076989\fx1.jar
java_class_path (initial): C:\Users\wande\Documents\NetBeansProjects\fx1\dist\run1709076989\fx1.jar
Launcher Type: SUN_STANDARD

Environment Variables:
PATH=C:\Program Files (x86)\Python36-32\Scripts\;C:\Program Files (x86)\Python36-32\;C:\Program Files (x86)\Common Files\Oracle\Java\javapath;C:\Windows\system32;C:\Windows;C:\Windows\System32\Wbem;C:\Windows\System32\WindowsPowerShell\v1.0\;C:\Program Files\Git\cmd;C:\Users\wande\AppData\Local\Microsoft\WindowsApps;C:\Program Files\Microsoft VS Code\bin;C:\adb;C:\WINDOWS\system32;C:\WINDOWS;C:\WINDOWS\System32\Wbem;C:\WINDOWS\System32\WindowsPowerShell\v1.0\;C:\WINDOWS\System32\OpenSSH\;C:\Program Files (x86)\Inno Setup 5;C:\Ruby24-x64\bin;C:\Users\wande\AppData\Local\Microsoft\WindowsApps;C:\Program Files\Microsoft VS Code\bin;D:\Program Files (x86)\EasyPHP-Devserver-17\eds-binaries\dbserver\mysql5717x86x180413072216\bin;C:\Program Files (x86)\Inno Setup 5
USERNAME=wande
OS=Windows_NT
PROCESSOR_IDENTIFIER=Intel64 Family 6 Model 92 Stepping 9, GenuineIntel



---------------  S Y S T E M  ---------------

OS: Windows 10.0 , 64 bit Build 17134 (10.0.17134.1)

CPU:total 4 (initial active 4) (4 cores per cpu, 1 threads per core) family 6 model 92 stepping 9, cmov, cx8, fxsr, mmx, sse, sse2, sse3, ssse3, sse4.1, sse4.2, popcnt, aes, clmul, erms, 3dnowpref, tsc, tscinvbit

Memory: 4k page, physical 6136820k(1404764k free), swap 10051308k(5164k free)

vm_info: Java HotSpot(TM) 64-Bit Server VM (25.172-b11) for windows-amd64 JRE (1.8.0_172-b11), built on Mar 28 2018 21:21:52 by "java_re" with MS VC++ 10.0 (VS2010)

time: Thu Jun 14 17:05:38 2018
elapsed time: 4 seconds (0d 0h 0m 4s)

