#
# There is insufficient memory for the Java Runtime Environment to continue.
# Native memory allocation (malloc) failed to allocate 683536 bytes for Chunk::new
# Possible reasons:
#   The system is out of physical RAM or swap space
#   In 32 bit mode, the process size limit was hit
# Possible solutions:
#   Reduce memory load on the system
#   Increase physical memory or swap space
#   Check if swap backing store is full
#   Use 64 bit Java on a 64 bit OS
#   Decrease Java heap size (-Xmx/-Xms)
#   Decrease number of Java threads
#   Decrease Java thread stack sizes (-Xss)
#   Set larger code cache with -XX:ReservedCodeCacheSize=
# This output file may be truncated or incomplete.
#
#  Out of Memory Error (allocation.cpp:390), pid=5616, tid=0x00000000000005ac
#
# JRE version: Java(TM) SE Runtime Environment (8.0_172-b11) (build 1.8.0_172-b11)
# Java VM: Java HotSpot(TM) 64-Bit Server VM (25.172-b11 mixed mode windows-amd64 compressed oops)
# Failed to write core dump. Minidumps are not enabled by default on client versions of Windows
#

---------------  T H R E A D  ---------------

Current thread (0x000000001685d800):  JavaThread "C2 CompilerThread0" daemon [_thread_in_native, id=1452, stack(0x0000000017ec0000,0x0000000017fc0000)]

Stack: [0x0000000017ec0000,0x0000000017fc0000]
[error occurred during error reporting (printing stack bounds), id 0xc0000005]

Native frames: (J=compiled Java code, j=interpreted, Vv=VM code, C=native code)


Current CompileTask:
C2:   2212  878       4       java.lang.Class::privateGetMethodRecursive (130 bytes)


---------------  P R O C E S S  ---------------

Java Threads: ( => current thread )
  0x0000000018a49000 JavaThread "Thread-3" daemon [_thread_in_native, id=9932, stack(0x000000001dfe0000,0x000000001e0e0000)]
  0x0000000018a2a000 JavaThread "JavaFX-Launcher" [_thread_blocked, id=6456, stack(0x000000001e0e0000,0x000000001e1e0000)]
  0x00000000189c5800 JavaThread "JavaFX Application Thread" [_thread_in_Java, id=2780, stack(0x0000000019ee0000,0x0000000019fe0000)]
  0x00000000189b4000 JavaThread "Thread-1" daemon [_thread_blocked, id=6572, stack(0x0000000019de0000,0x0000000019ee0000)]
  0x00000000185b6800 JavaThread "QuantumRenderer-0" daemon [_thread_blocked, id=4048, stack(0x00000000191a0000,0x00000000192a0000)]
  0x00000000181e3800 JavaThread "Service Thread" daemon [_thread_blocked, id=8908, stack(0x00000000185c0000,0x00000000186c0000)]
  0x000000001686a000 JavaThread "C1 CompilerThread2" daemon [_thread_blocked, id=6300, stack(0x00000000180c0000,0x00000000181c0000)]
  0x0000000016861800 JavaThread "C2 CompilerThread1" daemon [_thread_in_native, id=8668, stack(0x0000000017fc0000,0x00000000180c0000)]
=>0x000000001685d800 JavaThread "C2 CompilerThread0" daemon [_thread_in_native, id=1452, stack(0x0000000017ec0000,0x0000000017fc0000)]
  0x000000001685c000 JavaThread "Attach Listener" daemon [_thread_blocked, id=8760, stack(0x0000000017dc0000,0x0000000017ec0000)]
  0x000000001685a800 JavaThread "Signal Dispatcher" daemon [_thread_blocked, id=5060, stack(0x0000000017cc0000,0x0000000017dc0000)]
  0x0000000016848800 JavaThread "Finalizer" daemon [_thread_blocked, id=8340, stack(0x0000000017ad0000,0x0000000017bd0000)]
  0x0000000003034000 JavaThread "Reference Handler" daemon [_thread_blocked, id=7356, stack(0x00000000179d0000,0x0000000017ad0000)]
  0x0000000002c2e800 JavaThread "main" [_thread_blocked, id=6248, stack(0x0000000002e40000,0x0000000002f40000)]

Other Threads:
  0x0000000016827800 VMThread [stack: 0x00000000178d0000,0x00000000179d0000] [id=1556]
  0x00000000168be800 WatcherThread [stack: 0x00000000186c0000,0x00000000187c0000] [id=3872]

VM state:not at safepoint (normal execution)

VM Mutex/Monitor currently owned by a thread: None

Heap:
 PSYoungGen      total 28160K, used 16391K [0x00000000e0c00000, 0x00000000e2b00000, 0x0000000100000000)
  eden space 24576K, 66% used [0x00000000e0c00000,0x00000000e1c01d70,0x00000000e2400000)
  from space 3584K, 0% used [0x00000000e2400000,0x00000000e2400000,0x00000000e2780000)
  to   space 3584K, 0% used [0x00000000e2780000,0x00000000e2780000,0x00000000e2b00000)
 ParOldGen       total 45568K, used 1221K [0x00000000a2400000, 0x00000000a5080000, 0x00000000e0c00000)
  object space 45568K, 2% used [0x00000000a2400000,0x00000000a2531788,0x00000000a5080000)
 Metaspace       used 11925K, capacity 12392K, committed 12544K, reserved 1060864K
  class space    used 1637K, capacity 1776K, committed 1792K, reserved 1048576K

Card table byte_map: [0x0000000012400000,0x00000000126f0000] byte_map_base: 0x0000000011eee000

Marking Bits: (ParMarkBitMap*) 0x00000000544e3c10
 Begin Bits: [0x0000000012cf0000, 0x0000000014460000)
 End Bits:   [0x0000000014460000, 0x0000000015bd0000)

Polling page: 0x0000000001370000

CodeCache: size=245760Kb used=3394Kb max_used=3394Kb free=242365Kb
 bounds [0x0000000003040000, 0x00000000033a0000, 0x0000000012040000]
 total_blobs=1347 nmethods=922 adapters=339
 compilation: enabled

Compilation events (10 events):
Event: 2.201 Thread 0x000000001686a000  923       3       java.lang.invoke.LambdaForm$BMH/990368553::reinvoke (25 bytes)
Event: 2.201 Thread 0x000000001686a000 nmethod 923 0x0000000003390610 code [0x00000000033907a0, 0x0000000003390d98]
Event: 2.202 Thread 0x000000001686a000  924       3       java.lang.invoke.MethodHandleImpl::castReference (20 bytes)
Event: 2.202 Thread 0x000000001686a000 nmethod 924 0x0000000003390ed0 code [0x0000000003391040, 0x00000000033912e8]
Event: 2.204 Thread 0x000000001686a000  925       1       java.lang.invoke.DirectMethodHandle::internalMemberName (5 bytes)
Event: 2.204 Thread 0x000000001686a000 nmethod 925 0x00000000033913d0 code [0x0000000003391520, 0x0000000003391630]
Event: 2.204 Thread 0x000000001686a000  926       3       java.util.AbstractList::iterator (10 bytes)
Event: 2.204 Thread 0x000000001686a000 nmethod 926 0x0000000003391690 code [0x0000000003391800, 0x0000000003391af0]
Event: 2.205 Thread 0x000000001686a000  927       3       java.lang.invoke.MemberName::isCallerSensitive (7 bytes)
Event: 2.205 Thread 0x000000001686a000 nmethod 927 0x0000000003391c50 code [0x0000000003391dc0, 0x0000000003392030]

GC Heap History (4 events):
Event: 1.078 GC heap before
{Heap before GC invocations=1 (full 0):
 PSYoungGen      total 28160K, used 10346K [0x00000000e0c00000, 0x00000000e2b00000, 0x0000000100000000)
  eden space 24576K, 42% used [0x00000000e0c00000,0x00000000e161a9d8,0x00000000e2400000)
  from space 3584K, 0% used [0x00000000e2780000,0x00000000e2780000,0x00000000e2b00000)
  to   space 3584K, 0% used [0x00000000e2400000,0x00000000e2400000,0x00000000e2780000)
 ParOldGen       total 64512K, used 0K [0x00000000a2400000, 0x00000000a6300000, 0x00000000e0c00000)
  object space 64512K, 0% used [0x00000000a2400000,0x00000000a2400000,0x00000000a6300000)
 Metaspace       used 7315K, capacity 7640K, committed 7808K, reserved 1060864K
  class space    used 892K, capacity 1029K, committed 1152K, reserved 1048576K
Event: 1.085 GC heap after
Heap after GC invocations=1 (full 0):
 PSYoungGen      total 28160K, used 1347K [0x00000000e0c00000, 0x00000000e2b00000, 0x0000000100000000)
  eden space 24576K, 0% used [0x00000000e0c00000,0x00000000e0c00000,0x00000000e2400000)
  from space 3584K, 37% used [0x00000000e2400000,0x00000000e2550e40,0x00000000e2780000)
  to   space 3584K, 0% used [0x00000000e2780000,0x00000000e2780000,0x00000000e2b00000)
 ParOldGen       total 64512K, used 8K [0x00000000a2400000, 0x00000000a6300000, 0x00000000e0c00000)
  object space 64512K, 0% used [0x00000000a2400000,0x00000000a2402000,0x00000000a6300000)
 Metaspace       used 7315K, capacity 7640K, committed 7808K, reserved 1060864K
  class space    used 892K, capacity 1029K, committed 1152K, reserved 1048576K
}
Event: 1.085 GC heap before
{Heap before GC invocations=2 (full 1):
 PSYoungGen      total 28160K, used 1347K [0x00000000e0c00000, 0x00000000e2b00000, 0x0000000100000000)
  eden space 24576K, 0% used [0x00000000e0c00000,0x00000000e0c00000,0x00000000e2400000)
  from space 3584K, 37% used [0x00000000e2400000,0x00000000e2550e40,0x00000000e2780000)
  to   space 3584K, 0% used [0x00000000e2780000,0x00000000e2780000,0x00000000e2b00000)
 ParOldGen       total 64512K, used 8K [0x00000000a2400000, 0x00000000a6300000, 0x00000000e0c00000)
  object space 64512K, 0% used [0x00000000a2400000,0x00000000a2402000,0x00000000a6300000)
 Metaspace       used 7315K, capacity 7640K, committed 7808K, reserved 1060864K
  class space    used 892K, capacity 1029K, committed 1152K, reserved 1048576K
Event: 1.107 GC heap after
Heap after GC invocations=2 (full 1):
 PSYoungGen      total 28160K, used 0K [0x00000000e0c00000, 0x00000000e2b00000, 0x0000000100000000)
  eden space 24576K, 0% used [0x00000000e0c00000,0x00000000e0c00000,0x00000000e2400000)
  from space 3584K, 0% used [0x00000000e2400000,0x00000000e2400000,0x00000000e2780000)
  to   space 3584K, 0% used [0x00000000e2780000,0x00000000e2780000,0x00000000e2b00000)
 ParOldGen       total 45568K, used 1221K [0x00000000a2400000, 0x00000000a5080000, 0x00000000e0c00000)
  object space 45568K, 2% used [0x00000000a2400000,0x00000000a2531788,0x00000000a5080000)
 Metaspace       used 7315K, capacity 7640K, committed 7808K, reserved 1058816K
  class space    used 892K, capacity 1029K, committed 1152K, reserved 1048576K
}

Deoptimization events (5 events):
Event: 0.996 Thread 0x00000000189c5800 Uncommon trap: reason=unstable_if action=reinterpret pc=0x000000000322ab04 method=java.lang.String.indexOf([CII[CIII)I @ 134
Event: 0.996 Thread 0x00000000189c5800 Uncommon trap: reason=unstable_if action=reinterpret pc=0x00000000031f6d0c method=java.lang.String.replace(CC)Ljava/lang/String; @ 26
Event: 1.015 Thread 0x00000000189c5800 Uncommon trap: reason=unstable_if action=reinterpret pc=0x0000000003209768 method=java.lang.String.startsWith(Ljava/lang/String;I)Z @ 25
Event: 1.473 Thread 0x00000000189c5800 Uncommon trap: reason=unstable_if action=reinterpret pc=0x00000000032be1ec method=java.io.BufferedInputStream.read()I @ 8
Event: 1.504 Thread 0x00000000189c5800 Uncommon trap: reason=unstable_if action=reinterpret pc=0x00000000032c4d04 method=java.util.HashMap.getNode(ILjava/lang/Object;)Ljava/util/HashMap$Node; @ 84

Classes redefined (0 events):
No events

Internal exceptions (10 events):
Event: 1.365 Thread 0x00000000189c5800 Exception <a 'java/lang/ArrayIndexOutOfBoundsException': 78> (0x00000000e1007750) thrown at [C:\re\workspace\8-2-build-windows-amd64-cygwin\jdk8u172\10810\hotspot\src\share\vm\interpreter\interpreterRuntime.cpp, line 366]
Event: 1.366 Thread 0x00000000189c5800 Exception <a 'java/lang/ArrayIndexOutOfBoundsException': 18> (0x00000000e1008628) thrown at [C:\re\workspace\8-2-build-windows-amd64-cygwin\jdk8u172\10810\hotspot\src\share\vm\interpreter\interpreterRuntime.cpp, line 366]
Event: 1.367 Thread 0x00000000189c5800 Exception <a 'java/lang/ArrayIndexOutOfBoundsException': 86> (0x00000000e10099d0) thrown at [C:\re\workspace\8-2-build-windows-amd64-cygwin\jdk8u172\10810\hotspot\src\share\vm\interpreter\interpreterRuntime.cpp, line 366]
Event: 1.376 Thread 0x00000000189c5800 Exception <a 'java/lang/ArrayIndexOutOfBoundsException'> (0x00000000e101dd10) thrown at [C:\re\workspace\8-2-build-windows-amd64-cygwin\jdk8u172\10810\hotspot\src\share\vm\runtime\sharedRuntime.cpp, line 605]
Event: 1.618 Thread 0x00000000189c5800 Exception <a 'java/lang/ArrayIndexOutOfBoundsException'> (0x00000000e13c12a0) thrown at [C:\re\workspace\8-2-build-windows-amd64-cygwin\jdk8u172\10810\hotspot\src\share\vm\runtime\sharedRuntime.cpp, line 605]
Event: 1.619 Thread 0x00000000189c5800 Exception <a 'java/lang/ArrayIndexOutOfBoundsException'> (0x00000000e13c32c8) thrown at [C:\re\workspace\8-2-build-windows-amd64-cygwin\jdk8u172\10810\hotspot\src\share\vm\runtime\sharedRuntime.cpp, line 605]
Event: 1.622 Thread 0x00000000189c5800 Exception <a 'java/lang/ArrayIndexOutOfBoundsException'> (0x00000000e13c8b50) thrown at [C:\re\workspace\8-2-build-windows-amd64-cygwin\jdk8u172\10810\hotspot\src\share\vm\runtime\sharedRuntime.cpp, line 605]
Event: 1.622 Thread 0x00000000189c5800 Exception <a 'java/lang/ArrayIndexOutOfBoundsException'> (0x00000000e13c9f40) thrown at [C:\re\workspace\8-2-build-windows-amd64-cygwin\jdk8u172\10810\hotspot\src\share\vm\runtime\sharedRuntime.cpp, line 605]
Event: 1.631 Thread 0x00000000189c5800 Exception <a 'java/lang/ArrayIndexOutOfBoundsException'> (0x00000000e1401c78) thrown at [C:\re\workspace\8-2-build-windows-amd64-cygwin\jdk8u172\10810\hotspot\src\share\vm\runtime\sharedRuntime.cpp, line 605]
Event: 1.798 Thread 0x00000000189c5800 Exception <a 'java/lang/ArrayIndexOutOfBoundsException'> (0x00000000e15fd648) thrown at [C:\re\workspace\8-2-build-windows-amd64-cygwin\jdk8u172\10810\hotspot\src\share\vm\runtime\sharedRuntime.cpp, line 605]

Events (10 events):
Event: 2.204 loading class javafx/beans/Observable
Event: 2.204 loading class javafx/beans/Observable done
Event: 2.204 loading class javafx/beans/Observable
Event: 2.204 loading class javafx/beans/Observable done
Event: 2.204 loading class javafx/scene/control/ComboBox
Event: 2.204 loading class javafx/scene/control/ComboBox done
Event: 2.206 loading class javafx/scene/layout/StackPane
Event: 2.206 loading class javafx/scene/layout/StackPane done
Event: 2.208 loading class com/jfoenix/controls/JFXComboBox$StyleableProperties
Event: 2.208 loading class com/jfoenix/controls/JFXComboBox$StyleableProperties done


Dynamic libraries:
0x00007ff68f8b0000 - 0x00007ff68f8e7000 	C:\Program Files\Java\jdk1.8.0_172\jre\bin\java.exe
0x00007ffdeb280000 - 0x00007ffdeb461000 	C:\WINDOWS\SYSTEM32\ntdll.dll
0x00007ffde9690000 - 0x00007ffde9742000 	C:\WINDOWS\System32\KERNEL32.DLL
0x00007ffde8360000 - 0x00007ffde85d3000 	C:\WINDOWS\System32\KERNELBASE.dll
0x00007ffde9b10000 - 0x00007ffde9bb1000 	C:\WINDOWS\System32\ADVAPI32.dll
0x00007ffde8ad0000 - 0x00007ffde8b6e000 	C:\WINDOWS\System32\msvcrt.dll
0x00007ffde8710000 - 0x00007ffde876b000 	C:\WINDOWS\System32\sechost.dll
0x00007ffde9440000 - 0x00007ffde9564000 	C:\WINDOWS\System32\RPCRT4.dll
0x00007ffde8770000 - 0x00007ffde8900000 	C:\WINDOWS\System32\USER32.dll
0x00007ffde86f0000 - 0x00007ffde8710000 	C:\WINDOWS\System32\win32u.dll
0x00007ffde9ae0000 - 0x00007ffde9b08000 	C:\WINDOWS\System32\GDI32.dll
0x00007ffde7e80000 - 0x00007ffde8012000 	C:\WINDOWS\System32\gdi32full.dll
0x00007ffde76d0000 - 0x00007ffde776f000 	C:\WINDOWS\System32\msvcp_win.dll
0x00007ffde8020000 - 0x00007ffde811a000 	C:\WINDOWS\System32\ucrtbase.dll
0x00007ffddc8d0000 - 0x00007ffddcb39000 	C:\WINDOWS\WinSxS\amd64_microsoft.windows.common-controls_6595b64144ccf1df_6.0.17134.112_none_fb3f961b30681c12\COMCTL32.dll
0x00007ffde9110000 - 0x00007ffde9433000 	C:\WINDOWS\System32\combase.dll
0x00007ffde7650000 - 0x00007ffde76ca000 	C:\WINDOWS\System32\bcryptPrimitives.dll
0x00007ffde8900000 - 0x00007ffde892d000 	C:\WINDOWS\System32\IMM32.DLL
0x0000000053be0000 - 0x0000000053cb2000 	C:\Program Files\Java\jdk1.8.0_172\jre\bin\msvcr100.dll
0x0000000053cc0000 - 0x0000000054563000 	C:\Program Files\Java\jdk1.8.0_172\jre\bin\server\jvm.dll
0x00007ffde98d0000 - 0x00007ffde98d8000 	C:\WINDOWS\System32\PSAPI.DLL
0x00007ffddce40000 - 0x00007ffddce49000 	C:\WINDOWS\SYSTEM32\WSOCK32.dll
0x00007ffdd7870000 - 0x00007ffdd7893000 	C:\WINDOWS\SYSTEM32\WINMM.dll
0x00007ffde9620000 - 0x00007ffde968c000 	C:\WINDOWS\System32\WS2_32.dll
0x00007ffddc0a0000 - 0x00007ffddc0aa000 	C:\WINDOWS\SYSTEM32\VERSION.dll
0x00007ffdd7840000 - 0x00007ffdd786a000 	C:\WINDOWS\SYSTEM32\WINMMBASE.dll
0x00007ffde8310000 - 0x00007ffde8359000 	C:\WINDOWS\System32\cfgmgr32.dll
0x0000000054810000 - 0x000000005481f000 	C:\Program Files\Java\jdk1.8.0_172\jre\bin\verify.dll
0x00000000547e0000 - 0x0000000054809000 	C:\Program Files\Java\jdk1.8.0_172\jre\bin\java.dll
0x00000000547c0000 - 0x00000000547d6000 	C:\Program Files\Java\jdk1.8.0_172\jre\bin\zip.dll
0x00007ffde9db0000 - 0x00007ffdeb1f0000 	C:\WINDOWS\System32\SHELL32.dll
0x00007ffde99d0000 - 0x00007ffde9a79000 	C:\WINDOWS\System32\shcore.dll
0x00007ffde7770000 - 0x00007ffde7e7d000 	C:\WINDOWS\System32\windows.storage.dll
0x00007ffde9a80000 - 0x00007ffde9ad1000 	C:\WINDOWS\System32\shlwapi.dll
0x00007ffde7630000 - 0x00007ffde7641000 	C:\WINDOWS\System32\kernel.appcore.dll
0x00007ffde75f0000 - 0x00007ffde760f000 	C:\WINDOWS\System32\profapi.dll
0x00007ffde75a0000 - 0x00007ffde75ec000 	C:\WINDOWS\System32\powrprof.dll
0x00007ffde7590000 - 0x00007ffde759a000 	C:\WINDOWS\System32\FLTLIB.DLL
0x0000000002b80000 - 0x0000000002b83000 	C:\Program Files\Java\jdk1.8.0_172\jre\bin\api-ms-win-core-console-l1-1-0.dll
0x0000000002b90000 - 0x0000000002b93000 	C:\Program Files\Java\jdk1.8.0_172\jre\bin\api-ms-win-core-datetime-l1-1-0.dll
0x0000000002ba0000 - 0x0000000002ba3000 	C:\Program Files\Java\jdk1.8.0_172\jre\bin\api-ms-win-core-debug-l1-1-0.dll
0x0000000002bb0000 - 0x0000000002bb3000 	C:\Program Files\Java\jdk1.8.0_172\jre\bin\api-ms-win-core-errorhandling-l1-1-0.dll
0x0000000002bc0000 - 0x0000000002bc4000 	C:\Program Files\Java\jdk1.8.0_172\jre\bin\api-ms-win-core-file-l1-1-0.dll
0x0000000002bd0000 - 0x0000000002bd3000 	C:\Program Files\Java\jdk1.8.0_172\jre\bin\api-ms-win-core-file-l1-2-0.dll
0x0000000002be0000 - 0x0000000002be3000 	C:\Program Files\Java\jdk1.8.0_172\jre\bin\api-ms-win-core-file-l2-1-0.dll
0x0000000002bf0000 - 0x0000000002bf3000 	C:\Program Files\Java\jdk1.8.0_172\jre\bin\api-ms-win-core-handle-l1-1-0.dll
0x0000000002c00000 - 0x0000000002c03000 	C:\Program Files\Java\jdk1.8.0_172\jre\bin\api-ms-win-core-heap-l1-1-0.dll
0x0000000002c10000 - 0x0000000002c13000 	C:\Program Files\Java\jdk1.8.0_172\jre\bin\api-ms-win-core-interlocked-l1-1-0.dll
0x00000000187c0000 - 0x00000000187c3000 	C:\Program Files\Java\jdk1.8.0_172\jre\bin\api-ms-win-core-libraryloader-l1-1-0.dll
0x00000000187d0000 - 0x00000000187d3000 	C:\Program Files\Java\jdk1.8.0_172\jre\bin\api-ms-win-core-localization-l1-2-0.dll
0x00000000187e0000 - 0x00000000187e3000 	C:\Program Files\Java\jdk1.8.0_172\jre\bin\api-ms-win-core-memory-l1-1-0.dll
0x00000000187f0000 - 0x00000000187f3000 	C:\Program Files\Java\jdk1.8.0_172\jre\bin\api-ms-win-core-namedpipe-l1-1-0.dll
0x0000000018800000 - 0x0000000018803000 	C:\Program Files\Java\jdk1.8.0_172\jre\bin\api-ms-win-core-processenvironment-l1-1-0.dll
0x0000000018810000 - 0x0000000018813000 	C:\Program Files\Java\jdk1.8.0_172\jre\bin\api-ms-win-core-processthreads-l1-1-0.dll
0x0000000018820000 - 0x0000000018823000 	C:\Program Files\Java\jdk1.8.0_172\jre\bin\api-ms-win-core-processthreads-l1-1-1.dll
0x0000000018830000 - 0x0000000018833000 	C:\Program Files\Java\jdk1.8.0_172\jre\bin\api-ms-win-core-profile-l1-1-0.dll
0x0000000018840000 - 0x0000000018843000 	C:\Program Files\Java\jdk1.8.0_172\jre\bin\api-ms-win-core-rtlsupport-l1-1-0.dll
0x0000000018850000 - 0x0000000018853000 	C:\Program Files\Java\jdk1.8.0_172\jre\bin\api-ms-win-core-string-l1-1-0.dll
0x0000000018860000 - 0x0000000018863000 	C:\Program Files\Java\jdk1.8.0_172\jre\bin\api-ms-win-core-synch-l1-1-0.dll
0x0000000018870000 - 0x0000000018873000 	C:\Program Files\Java\jdk1.8.0_172\jre\bin\api-ms-win-core-synch-l1-2-0.dll
0x0000000018880000 - 0x0000000018883000 	C:\Program Files\Java\jdk1.8.0_172\jre\bin\api-ms-win-core-sysinfo-l1-1-0.dll
0x0000000018890000 - 0x0000000018893000 	C:\Program Files\Java\jdk1.8.0_172\jre\bin\api-ms-win-core-timezone-l1-1-0.dll
0x00000000188a0000 - 0x00000000188a3000 	C:\Program Files\Java\jdk1.8.0_172\jre\bin\api-ms-win-core-util-l1-1-0.dll
0x00000000188b0000 - 0x00000000188b3000 	C:\Program Files\Java\jdk1.8.0_172\jre\bin\api-ms-win-crt-conio-l1-1-0.dll
0x00000000188c0000 - 0x00000000188c4000 	C:\Program Files\Java\jdk1.8.0_172\jre\bin\api-ms-win-crt-convert-l1-1-0.dll
0x00000000188d0000 - 0x00000000188d3000 	C:\Program Files\Java\jdk1.8.0_172\jre\bin\api-ms-win-crt-environment-l1-1-0.dll
0x00000000188e0000 - 0x00000000188e3000 	C:\Program Files\Java\jdk1.8.0_172\jre\bin\api-ms-win-crt-filesystem-l1-1-0.dll
0x00000000188f0000 - 0x00000000188f3000 	C:\Program Files\Java\jdk1.8.0_172\jre\bin\api-ms-win-crt-heap-l1-1-0.dll
0x0000000018900000 - 0x0000000018903000 	C:\Program Files\Java\jdk1.8.0_172\jre\bin\api-ms-win-crt-locale-l1-1-0.dll
0x0000000018910000 - 0x0000000018915000 	C:\Program Files\Java\jdk1.8.0_172\jre\bin\api-ms-win-crt-math-l1-1-0.dll
0x0000000018920000 - 0x0000000018925000 	C:\Program Files\Java\jdk1.8.0_172\jre\bin\api-ms-win-crt-multibyte-l1-1-0.dll
0x0000000018930000 - 0x0000000018940000 	C:\Program Files\Java\jdk1.8.0_172\jre\bin\api-ms-win-crt-private-l1-1-0.dll
0x0000000018940000 - 0x0000000018943000 	C:\Program Files\Java\jdk1.8.0_172\jre\bin\api-ms-win-crt-process-l1-1-0.dll
0x0000000018950000 - 0x0000000018954000 	C:\Program Files\Java\jdk1.8.0_172\jre\bin\api-ms-win-crt-runtime-l1-1-0.dll
0x0000000018960000 - 0x0000000018964000 	C:\Program Files\Java\jdk1.8.0_172\jre\bin\api-ms-win-crt-stdio-l1-1-0.dll
0x0000000018970000 - 0x0000000018974000 	C:\Program Files\Java\jdk1.8.0_172\jre\bin\api-ms-win-crt-string-l1-1-0.dll
0x0000000018980000 - 0x0000000018983000 	C:\Program Files\Java\jdk1.8.0_172\jre\bin\api-ms-win-crt-time-l1-1-0.dll
0x0000000018990000 - 0x0000000018993000 	C:\Program Files\Java\jdk1.8.0_172\jre\bin\api-ms-win-crt-utility-l1-1-0.dll
0x00007ffdc7000000 - 0x00007ffdc70f6000 	C:\Program Files\Java\jdk1.8.0_172\jre\bin\ucrtbase.dll
0x00007ffde26b0000 - 0x00007ffde26c6000 	C:\Program Files\Java\jdk1.8.0_172\jre\bin\vcruntime140.dll
0x00007ffdc8aa0000 - 0x00007ffdc8b3c000 	C:\Program Files\Java\jdk1.8.0_172\jre\bin\msvcp140.dll
0x00007ffdcda30000 - 0x00007ffdcda81000 	C:\Program Files\Java\jdk1.8.0_172\jre\bin\concrt140.dll
0x0000000053910000 - 0x0000000053933000 	C:\Program Files\Java\jdk1.8.0_172\jre\bin\prism_d3d.dll
0x00007ffdb8740000 - 0x00007ffdb88d7000 	C:\WINDOWS\system32\d3d9.dll
0x00007ffde59b0000 - 0x00007ffde59d9000 	C:\WINDOWS\SYSTEM32\dwmapi.dll
0x00007ffde54c0000 - 0x00007ffde5558000 	C:\WINDOWS\system32\uxtheme.dll
0x00007ffdbdf90000 - 0x00007ffdbe165000 	C:\WINDOWS\System32\DriverStore\FileRepository\igdlh64.inf_amd64_0541b698fc6e40b0\igdumdim64.dll
0x00007ffdb23b0000 - 0x00007ffdb5354000 	C:\WINDOWS\System32\DriverStore\FileRepository\igdlh64.inf_amd64_0541b698fc6e40b0\igd9dxva64.dll
0x00007ffde9bc0000 - 0x00007ffde9d11000 	C:\WINDOWS\System32\ole32.dll
0x00007ffde8b70000 - 0x00007ffde8c32000 	C:\WINDOWS\System32\OLEAUT32.dll
0x00000000538c0000 - 0x0000000053909000 	C:\Program Files\Java\jdk1.8.0_172\jre\bin\glass.dll
0x00007ffde98e0000 - 0x00007ffde99cd000 	C:\WINDOWS\System32\COMDLG32.dll
0x00007ffde9750000 - 0x00007ffde98c5000 	C:\WINDOWS\System32\MSCTF.dll
0x00000000538a0000 - 0x00000000538b4000 	C:\Program Files\Java\jdk1.8.0_172\jre\bin\javafx_font.dll
0x00007ffdd2360000 - 0x00007ffdd267c000 	C:\WINDOWS\SYSTEM32\dwrite.dll

VM Arguments:
jvm_args: -Dfile.encoding=UTF-8 
java_command: C:\Users\wande\Documents\NetBeansProjects\fx1\dist\run1230059426\fx1.jar
java_class_path (initial): C:\Users\wande\Documents\NetBeansProjects\fx1\dist\run1230059426\fx1.jar
Launcher Type: SUN_STANDARD

Environment Variables:
PATH=C:\Program Files (x86)\Python36-32\Scripts\;C:\Program Files (x86)\Python36-32\;C:\Program Files (x86)\Common Files\Oracle\Java\javapath;C:\Windows\system32;C:\Windows;C:\Windows\System32\Wbem;C:\Windows\System32\WindowsPowerShell\v1.0\;C:\Program Files\Git\cmd;C:\Users\wande\AppData\Local\Microsoft\WindowsApps;C:\Program Files\Microsoft VS Code\bin;C:\adb;C:\WINDOWS\system32;C:\WINDOWS;C:\WINDOWS\System32\Wbem;C:\WINDOWS\System32\WindowsPowerShell\v1.0\;C:\WINDOWS\System32\OpenSSH\;C:\Program Files (x86)\Inno Setup 5;C:\Ruby24-x64\bin;C:\Users\wande\AppData\Local\Microsoft\WindowsApps;C:\Program Files\Microsoft VS Code\bin;D:\Program Files (x86)\EasyPHP-Devserver-17\eds-binaries\dbserver\mysql5717x86x180413072216\bin;C:\Program Files (x86)\Inno Setup 5
USERNAME=wande
OS=Windows_NT
PROCESSOR_IDENTIFIER=Intel64 Family 6 Model 92 Stepping 9, GenuineIntel



---------------  S Y S T E M  ---------------

OS: Windows 10.0 , 64 bit Build 17134 (10.0.17134.1)

CPU:total 4 (initial active 4) (4 cores per cpu, 1 threads per core) family 6 model 92 stepping 9, cmov, cx8, fxsr, mmx, sse, sse2, sse3, ssse3, sse4.1, sse4.2, popcnt, aes, clmul, erms, 3dnowpref, tsc, tscinvbit

Memory: 4k page, physical 6136820k(1359336k free), swap 10051308k(5236k free)

vm_info: Java HotSpot(TM) 64-Bit Server VM (25.172-b11) for windows-amd64 JRE (1.8.0_172-b11), built on Mar 28 2018 21:21:52 by "java_re" with MS VC++ 10.0 (VS2010)

time: Thu Jun 14 16:12:56 2018
elapsed time: 2 seconds (0d 0h 0m 2s)

